TN:
SF:src/renderer/components/skill/SkillLifecyclePanel.tsx
FN:169,isExecuteTerminalHandoff
FN:178,isExecutePlanAck
FN:198,extractExecuteResultFromWorkflowSnapshot
FN:226,isRuntimeImproveTerminalHandoff
FN:235,isRuntimeImproveErrorResponse
FN:241,isRuntimePlanErrorResponse
FN:260,toPlanResult
FN:282,toHandoffGuidance
FN:348,getSkillCreatorApi
FN:361,extractSkillNameFromPath
FN:367,appendSessionEntry
FN:388,SkillLifecyclePanel
FN:643,handleCopyHandoffCommand
FN:656,fetchDisclosureInfo
FN:669,processWorkflowOutcome
FN:720,dismissHandoffGuidance
FN:725,_handleSubmitWorkflowInput
FN:778,loadVerifyDetail
FN:848,handlePanelClose
FN:858,handlePrepare
FN:981,handleExecutePlan
FN:1066,handleCancelPlan
FN:1079,handleCreate
FN:1125,handleExecute
FN:1164,handlePlanImprovement
FN:1277,handleApplyComplete
FN:1288,handleToggleDetailedAnalysis
FN:1310,handleReverify
FN:1499,onSubmit
FN:1518,onError
FN:1554,onCopyCommand
FN:1589,onCopyCommand
FN:1650,onRetry
FN:1677,onRetry
FN:1896,onChange
FN:1948,onChange
FN:2007,onClose
FN:2057,onClose
FNF:38
FNH:9
FNDA:1,isExecuteTerminalHandoff
FNDA:1,isExecutePlanAck
FNDA:0,extractExecuteResultFromWorkflowSnapshot
FNDA:0,isRuntimeImproveTerminalHandoff
FNDA:0,isRuntimeImproveErrorResponse
FNDA:0,isRuntimePlanErrorResponse
FNDA:0,toPlanResult
FNDA:4,toHandoffGuidance
FNDA:22,getSkillCreatorApi
FNDA:0,extractSkillNameFromPath
FNDA:0,appendSessionEntry
FNDA:17,SkillLifecyclePanel
FNDA:0,handleCopyHandoffCommand
FNDA:1,fetchDisclosureInfo
FNDA:0,processWorkflowOutcome
FNDA:0,dismissHandoffGuidance
FNDA:0,_handleSubmitWorkflowInput
FNDA:3,loadVerifyDetail
FNDA:0,handlePanelClose
FNDA:0,handlePrepare
FNDA:1,handleExecutePlan
FNDA:0,handleCancelPlan
FNDA:0,handleCreate
FNDA:0,handleExecute
FNDA:0,handlePlanImprovement
FNDA:0,handleApplyComplete
FNDA:0,handleToggleDetailedAnalysis
FNDA:0,handleReverify
FNDA:1,onSubmit
FNDA:0,onError
FNDA:0,onCopyCommand
FNDA:0,onCopyCommand
FNDA:0,onRetry
FNDA:0,onRetry
FNDA:0,onChange
FNDA:0,onChange
FNDA:0,onClose
FNDA:0,onClose
DA:1,1
DA:169,1
DA:170,1
DA:174,1
DA:175,1
DA:176,1
DA:178,1
DA:179,1
DA:180,1
DA:181,1
DA:182,1
DA:183,1
DA:184,1
DA:185,0
DA:186,0
DA:187,0
DA:189,1
DA:198,0
DA:199,0
DA:200,0
DA:201,0
DA:202,0
DA:203,0
DA:204,0
DA:206,0
DA:207,0
DA:208,0
DA:209,0
DA:210,0
DA:211,0
DA:212,0
DA:213,0
DA:214,0
DA:215,0
DA:216,0
DA:217,0
DA:218,0
DA:219,0
DA:220,0
DA:221,0
DA:223,0
DA:224,0
DA:226,0
DA:227,0
DA:231,0
DA:232,0
DA:233,0
DA:235,0
DA:236,0
DA:237,0
DA:238,0
DA:239,0
DA:241,0
DA:242,0
DA:243,0
DA:244,0
DA:245,0
DA:246,0
DA:247,0
DA:248,0
DA:249,0
DA:250,0
DA:251,0
DA:252,0
DA:253,0
DA:254,0
DA:255,0
DA:256,0
DA:258,0
DA:260,0
DA:261,0
DA:262,0
DA:263,0
DA:264,0
DA:265,0
DA:266,0
DA:267,0
DA:268,0
DA:269,0
DA:270,0
DA:271,0
DA:272,0
DA:273,0
DA:274,0
DA:275,0
DA:276,0
DA:277,0
DA:278,0
DA:279,0
DA:280,0
DA:282,4
DA:283,4
DA:284,4
DA:285,4
DA:286,4
DA:287,4
DA:288,4
DA:290,1
DA:291,1
DA:293,1
DA:294,1
DA:295,1
DA:296,1
DA:297,1
DA:299,1
DA:300,1
DA:301,1
DA:302,1
DA:303,1
DA:304,1
DA:306,1
DA:307,1
DA:308,1
DA:309,1
DA:310,1
DA:311,1
DA:312,1
DA:313,1
DA:315,1
DA:316,1
DA:317,1
DA:318,1
DA:319,1
DA:320,1
DA:321,1
DA:322,1
DA:324,1
DA:325,1
DA:326,1
DA:327,1
DA:328,1
DA:330,1
DA:333,1
DA:334,1
DA:335,1
DA:336,1
DA:337,1
DA:339,1
DA:342,1
DA:343,1
DA:344,1
DA:345,1
DA:346,1
DA:348,22
DA:349,22
DA:354,22
DA:355,22
DA:356,0
DA:357,0
DA:359,22
DA:361,0
DA:362,0
DA:363,0
DA:364,0
DA:365,0
DA:367,0
DA:368,0
DA:369,0
DA:370,0
DA:371,0
DA:372,0
DA:373,0
DA:374,0
DA:375,0
DA:376,0
DA:377,0
DA:378,0
DA:379,0
DA:380,0
DA:388,1
DA:389,17
DA:390,17
DA:391,17
DA:392,17
DA:393,17
DA:394,17
DA:395,17
DA:396,17
DA:397,17
DA:398,17
DA:399,17
DA:400,17
DA:401,17
DA:402,17
DA:403,17
DA:404,17
DA:405,17
DA:406,17
DA:407,17
DA:408,17
DA:409,17
DA:410,17
DA:413,17
DA:414,17
DA:415,17
DA:416,17
DA:417,17
DA:418,17
DA:419,17
DA:420,17
DA:421,17
DA:422,17
DA:423,17
DA:424,17
DA:425,17
DA:426,17
DA:427,17
DA:430,17
DA:431,17
DA:432,17
DA:433,17
DA:434,17
DA:436,17
DA:441,17
DA:442,17
DA:443,17
DA:444,17
DA:445,17
DA:446,17
DA:447,17
DA:448,17
DA:449,17
DA:450,17
DA:451,17
DA:452,17
DA:453,17
DA:454,17
DA:455,17
DA:456,17
DA:457,17
DA:458,17
DA:459,17
DA:460,17
DA:461,17
DA:462,17
DA:463,17
DA:464,17
DA:465,17
DA:466,17
DA:467,17
DA:469,17
DA:473,17
DA:475,17
DA:476,17
DA:477,17
DA:478,17
DA:480,17
DA:481,17
DA:482,17
DA:483,17
DA:484,17
DA:485,17
DA:486,17
DA:487,17
DA:488,17
DA:489,17
DA:490,17
DA:491,17
DA:492,17
DA:493,17
DA:495,17
DA:496,17
DA:497,17
DA:499,17
DA:500,0
DA:501,0
DA:502,0
DA:503,0
DA:504,0
DA:505,0
DA:506,17
DA:508,17
DA:509,17
DA:510,9
DA:511,9
DA:512,3
DA:513,3
DA:514,9
DA:515,3
DA:516,3
DA:517,9
DA:518,17
DA:519,17
DA:521,17
DA:522,8
DA:523,8
DA:524,8
DA:526,8
DA:527,0
DA:528,0
DA:529,0
DA:530,0
DA:531,0
DA:532,0
DA:534,8
DA:535,0
DA:536,0
DA:537,0
DA:538,0
DA:539,0
DA:540,0
DA:542,8
DA:543,0
DA:544,0
DA:545,0
DA:546,0
DA:547,0
DA:548,0
DA:550,8
DA:551,0
DA:552,0
DA:553,0
DA:554,0
DA:555,0
DA:556,0
DA:558,0
DA:559,0
DA:560,0
DA:561,0
DA:562,0
DA:563,0
DA:564,0
DA:565,0
DA:566,0
DA:568,0
DA:569,17
DA:571,17
DA:572,8
DA:573,8
DA:574,7
DA:575,7
DA:576,7
DA:577,7
DA:578,7
DA:579,7
DA:581,1
DA:582,1
DA:583,1
DA:584,1
DA:585,1
DA:586,1
DA:588,0
DA:589,0
DA:590,0
DA:591,0
DA:593,0
DA:594,0
DA:595,17
DA:597,17
DA:598,8
DA:599,8
DA:600,0
DA:601,0
DA:603,8
DA:604,5
DA:605,8
DA:606,17
DA:608,17
DA:609,8
DA:610,8
DA:611,8
DA:612,8
DA:613,5
DA:614,5
DA:616,3
DA:617,3
DA:618,3
DA:619,3
DA:620,1
DA:621,0
DA:622,0
DA:623,1
DA:624,1
DA:625,2
DA:626,3
DA:627,3
DA:628,0
DA:629,0
DA:630,0
DA:631,0
DA:632,0
DA:633,3
DA:634,17
DA:635,17
DA:636,17
DA:637,17
DA:638,17
DA:639,17
DA:640,17
DA:641,17
DA:643,17
DA:644,0
DA:645,0
DA:646,0
DA:648,0
DA:649,0
DA:650,0
DA:652,0
DA:653,0
DA:656,17
DA:657,1
DA:658,1
DA:659,1
DA:660,1
DA:661,1
DA:662,1
DA:663,1
DA:664,1
DA:666,0
DA:667,1
DA:669,17
DA:670,0
DA:671,0
DA:672,0
DA:673,0
DA:674,0
DA:676,0
DA:678,0
DA:679,0
DA:680,0
DA:681,0
DA:682,0
DA:683,0
DA:684,0
DA:685,0
DA:686,0
DA:688,0
DA:689,0
DA:690,0
DA:691,0
DA:692,0
DA:694,0
DA:695,0
DA:697,0
DA:698,0
DA:699,0
DA:700,0
DA:702,0
DA:703,0
DA:704,0
DA:705,0
DA:706,0
DA:707,0
DA:708,0
DA:709,0
DA:710,0
DA:711,0
DA:712,0
DA:713,0
DA:714,0
DA:715,0
DA:716,0
DA:717,0
DA:718,0
DA:720,17
DA:721,0
DA:722,0
DA:723,0
DA:725,17
DA:726,0
DA:727,0
DA:728,0
DA:730,0
DA:731,0
DA:732,0
DA:733,0
DA:734,0
DA:736,0
DA:737,0
DA:738,0
DA:739,0
DA:740,0
DA:742,0
DA:743,0
DA:744,0
DA:745,0
DA:746,0
DA:747,0
DA:748,0
DA:749,0
DA:750,0
DA:752,0
DA:753,0
DA:754,0
DA:755,0
DA:756,0
DA:757,0
DA:758,0
DA:760,0
DA:761,0
DA:762,0
DA:763,0
DA:764,0
DA:765,0
DA:766,17
DA:767,10
DA:768,2
DA:769,2
DA:770,17
DA:772,17
DA:773,8
DA:774,0
DA:775,0
DA:776,17
DA:778,17
DA:779,3
DA:780,3
DA:781,0
DA:782,0
DA:784,3
DA:785,3
DA:787,3
DA:788,3
DA:789,3
DA:790,3
DA:791,3
DA:792,3
DA:793,3
DA:794,3
DA:795,3
DA:796,0
DA:797,0
DA:798,0
DA:799,0
DA:800,0
DA:801,0
DA:802,0
DA:803,0
DA:804,3
DA:805,3
DA:806,3
DA:807,3
DA:809,17
DA:810,10
DA:811,8
DA:812,8
DA:814,2
DA:815,2
DA:816,0
DA:817,0
DA:818,0
DA:819,2
DA:821,2
DA:822,2
DA:823,2
DA:824,17
DA:825,17
DA:826,17
DA:827,0
DA:828,0
DA:829,0
DA:830,17
DA:831,17
DA:832,0
DA:833,0
DA:834,0
DA:835,17
DA:836,17
DA:837,0
DA:838,0
DA:839,0
DA:840,0
DA:841,17
DA:842,17
DA:843,0
DA:844,17
DA:845,0
DA:846,17
DA:848,17
DA:849,0
DA:850,0
DA:851,0
DA:852,0
DA:853,0
DA:854,0
DA:855,0
DA:856,0
DA:858,17
DA:859,0
DA:860,0
DA:861,0
DA:862,0
DA:863,0
DA:866,0
DA:867,0
DA:869,0
DA:870,0
DA:871,0
DA:872,0
DA:874,0
DA:875,0
DA:876,0
DA:877,0
DA:878,0
DA:880,0
DA:881,0
DA:882,0
DA:883,0
DA:884,0
DA:885,0
DA:886,0
DA:887,0
DA:888,0
DA:889,0
DA:890,0
DA:891,0
DA:893,0
DA:894,0
DA:895,0
DA:896,0
DA:899,0
DA:900,0
DA:901,0
DA:902,0
DA:903,0
DA:904,0
DA:906,0
DA:907,0
DA:908,0
DA:910,0
DA:911,0
DA:912,0
DA:913,0
DA:914,0
DA:916,0
DA:917,0
DA:918,0
DA:919,0
DA:920,0
DA:923,0
DA:924,0
DA:925,0
DA:926,0
DA:927,0
DA:929,0
DA:930,0
DA:931,0
DA:932,0
DA:933,0
DA:934,0
DA:939,0
DA:940,0
DA:941,0
DA:945,0
DA:946,0
DA:947,0
DA:948,0
DA:949,0
DA:950,0
DA:951,0
DA:952,0
DA:953,0
DA:954,0
DA:955,0
DA:956,0
DA:957,0
DA:958,0
DA:959,0
DA:960,0
DA:961,0
DA:962,0
DA:964,0
DA:965,0
DA:966,0
DA:967,0
DA:968,0
DA:969,0
DA:970,0
DA:971,0
DA:972,0
DA:973,0
DA:974,0
DA:975,0
DA:976,0
DA:977,0
DA:978,0
DA:979,0
DA:981,17
DA:982,1
DA:983,1
DA:985,1
DA:986,1
DA:988,1
DA:989,1
DA:990,1
DA:993,1
DA:994,1
DA:995,1
DA:996,1
DA:997,1
DA:998,0
DA:999,0
DA:1000,0
DA:1001,1
DA:1002,0
DA:1003,0
DA:1004,0
DA:1005,0
DA:1006,0
DA:1007,0
DA:1008,0
DA:1009,0
DA:1010,0
DA:1011,0
DA:1012,0
DA:1013,0
DA:1014,0
DA:1015,0
DA:1017,0
DA:1018,0
DA:1019,0
DA:1020,0
DA:1021,0
DA:1023,1
DA:1024,1
DA:1026,1
DA:1027,1
DA:1028,1
DA:1029,1
DA:1030,1
DA:1031,1
DA:1032,1
DA:1033,1
DA:1034,1
DA:1035,1
DA:1036,1
DA:1037,1
DA:1038,1
DA:1041,0
DA:1043,0
DA:1045,0
DA:1046,0
DA:1047,0
DA:1048,0
DA:1049,0
DA:1050,0
DA:1051,0
DA:1052,0
DA:1053,0
DA:1054,0
DA:1055,0
DA:1056,0
DA:1057,0
DA:1058,0
DA:1059,0
DA:1060,0
DA:1061,1
DA:1062,1
DA:1063,1
DA:1064,1
DA:1066,17
DA:1067,0
DA:1068,0
DA:1069,0
DA:1070,0
DA:1071,0
DA:1072,0
DA:1073,0
DA:1074,0
DA:1075,0
DA:1076,0
DA:1077,0
DA:1079,17
DA:1080,0
DA:1081,0
DA:1082,0
DA:1083,0
DA:1084,0
DA:1086,0
DA:1087,0
DA:1088,0
DA:1089,0
DA:1090,0
DA:1092,0
DA:1093,0
DA:1094,0
DA:1095,0
DA:1096,0
DA:1098,0
DA:1099,0
DA:1100,0
DA:1101,0
DA:1103,0
DA:1104,0
DA:1105,0
DA:1106,0
DA:1107,0
DA:1109,0
DA:1110,0
DA:1111,0
DA:1112,0
DA:1113,0
DA:1114,0
DA:1115,0
DA:1116,0
DA:1117,0
DA:1118,0
DA:1119,0
DA:1120,0
DA:1121,0
DA:1122,0
DA:1123,0
DA:1125,17
DA:1126,0
DA:1127,0
DA:1128,0
DA:1129,0
DA:1130,0
DA:1131,0
DA:1132,0
DA:1133,0
DA:1134,0
DA:1136,0
DA:1137,0
DA:1138,0
DA:1139,0
DA:1140,0
DA:1141,0
DA:1142,0
DA:1144,0
DA:1145,0
DA:1146,0
DA:1147,0
DA:1148,0
DA:1149,0
DA:1151,0
DA:1152,0
DA:1153,0
DA:1154,0
DA:1155,0
DA:1156,0
DA:1157,0
DA:1158,0
DA:1159,0
DA:1160,0
DA:1161,0
DA:1162,0
DA:1164,17
DA:1165,0
DA:1166,0
DA:1167,0
DA:1168,0
DA:1169,0
DA:1170,0
DA:1171,0
DA:1172,0
DA:1174,0
DA:1175,0
DA:1176,0
DA:1177,0
DA:1178,0
DA:1180,0
DA:1181,0
DA:1182,0
DA:1183,0
DA:1184,0
DA:1185,0
DA:1186,0
DA:1187,0
DA:1189,0
DA:1190,0
DA:1191,0
DA:1192,0
DA:1193,0
DA:1195,0
DA:1196,0
DA:1197,0
DA:1198,0
DA:1199,0
DA:1200,0
DA:1201,0
DA:1202,0
DA:1203,0
DA:1204,0
DA:1205,0
DA:1207,0
DA:1208,0
DA:1209,0
DA:1211,0
DA:1212,0
DA:1213,0
DA:1214,0
DA:1215,0
DA:1216,0
DA:1217,0
DA:1218,0
DA:1219,0
DA:1220,0
DA:1221,0
DA:1222,0
DA:1223,0
DA:1224,0
DA:1225,0
DA:1226,0
DA:1227,0
DA:1229,0
DA:1230,0
DA:1231,0
DA:1232,0
DA:1233,0
DA:1234,0
DA:1235,0
DA:1236,0
DA:1237,0
DA:1238,0
DA:1239,0
DA:1240,0
DA:1241,0
DA:1242,0
DA:1243,0
DA:1245,0
DA:1246,0
DA:1247,0
DA:1249,0
DA:1250,0
DA:1251,0
DA:1253,0
DA:1254,0
DA:1255,0
DA:1256,0
DA:1257,0
DA:1258,0
DA:1259,0
DA:1260,0
DA:1261,0
DA:1262,0
DA:1263,0
DA:1264,0
DA:1265,0
DA:1266,0
DA:1267,0
DA:1268,0
DA:1269,0
DA:1270,0
DA:1271,0
DA:1272,0
DA:1273,0
DA:1274,0
DA:1275,0
DA:1277,17
DA:1278,0
DA:1279,0
DA:1280,0
DA:1281,0
DA:1282,0
DA:1283,0
DA:1284,0
DA:1285,0
DA:1286,0
DA:1288,17
DA:1289,0
DA:1290,0
DA:1291,0
DA:1292,0
DA:1293,0
DA:1294,0
DA:1295,0
DA:1296,0
DA:1297,0
DA:1298,0
DA:1299,0
DA:1300,0
DA:1302,0
DA:1303,0
DA:1304,0
DA:1305,0
DA:1306,0
DA:1307,0
DA:1308,0
DA:1310,17
DA:1311,0
DA:1312,0
DA:1313,0
DA:1314,0
DA:1316,0
DA:1317,0
DA:1318,0
DA:1319,0
DA:1320,0
DA:1322,0
DA:1323,0
DA:1325,0
DA:1326,0
DA:1327,0
DA:1328,0
DA:1329,0
DA:1330,0
DA:1331,0
DA:1332,0
DA:1333,0
DA:1334,0
DA:1335,0
DA:1336,0
DA:1337,0
DA:1338,0
DA:1339,0
DA:1340,0
DA:1341,0
DA:1342,0
DA:1343,0
DA:1344,0
DA:1345,0
DA:1346,0
DA:1347,0
DA:1348,0
DA:1350,17
DA:1351,17
DA:1352,17
DA:1353,17
DA:1354,0
DA:1355,0
DA:1356,0
DA:1357,17
DA:1359,17
DA:1360,17
DA:1361,17
DA:1362,17
DA:1364,17
DA:1365,17
DA:1366,17
DA:1367,17
DA:1369,17
DA:1370,17
DA:1372,17
DA:1373,17
DA:1376,17
DA:1377,17
DA:1378,17
DA:1379,17
DA:1380,17
DA:1381,17
DA:1382,17
DA:1383,17
DA:1384,17
DA:1386,17
DA:1387,17
DA:1388,17
DA:1389,17
DA:1390,17
DA:1391,17
DA:1393,17
DA:1394,17
DA:1395,17
DA:1397,17
DA:1398,17
DA:1399,17
DA:1401,17
DA:1402,17
DA:1403,17
DA:1404,17
DA:1406,17
DA:1407,17
DA:1408,17
DA:1409,17
DA:1410,17
DA:1412,17
DA:1413,17
DA:1414,17
DA:1415,17
DA:1417,17
DA:1418,17
DA:1419,17
DA:1420,17
DA:1421,17
DA:1423,17
DA:1424,17
DA:1425,17
DA:1426,17
DA:1427,17
DA:1428,17
DA:1429,17
DA:1431,17
DA:1432,17
DA:1433,17
DA:1434,17
DA:1436,17
DA:1437,0
DA:1438,17
DA:1439,17
DA:1440,17
DA:1441,17
DA:1442,17
DA:1444,17
DA:1445,2
DA:1446,2
DA:1447,2
DA:1448,2
DA:1450,2
DA:1451,2
DA:1452,15
DA:1454,17
DA:1455,0
DA:1456,0
DA:1457,0
DA:1458,0
DA:1460,0
DA:1461,0
DA:1462,17
DA:1464,17
DA:1465,0
DA:1466,0
DA:1467,0
DA:1469,0
DA:1470,0
DA:1471,17
DA:1473,17
DA:1474,2
DA:1475,2
DA:1476,2
DA:1478,2
DA:1479,2
DA:1480,2
DA:1481,2
DA:1483,2
DA:1484,2
DA:1485,2
DA:1486,2
DA:1487,2
DA:1488,2
DA:1489,2
DA:1490,2
DA:1491,2
DA:1493,2
DA:1494,2
DA:1495,2
DA:1497,2
DA:1498,2
DA:1499,2
DA:1500,1
DA:1501,1
DA:1502,0
DA:1503,0
DA:1504,0
DA:1505,0
DA:1506,0
DA:1507,1
DA:1508,1
DA:1509,1
DA:1510,0
DA:1511,0
DA:1512,0
DA:1513,0
DA:1514,0
DA:1515,0
DA:1516,1
DA:1517,1
DA:1518,2
DA:1519,2
DA:1520,2
DA:1521,2
DA:1523,2
DA:1524,2
DA:1525,2
DA:1526,2
DA:1528,2
DA:1530,2
DA:1531,2
DA:1532,2
DA:1533,2
DA:1534,2
DA:1535,2
DA:1536,2
DA:1537,0
DA:1538,0
DA:1539,0
DA:1540,2
DA:1541,2
DA:1542,2
DA:1543,2
DA:1544,2
DA:1545,2
DA:1546,2
DA:1547,2
DA:1548,2
DA:1550,2
DA:1551,0
DA:1552,0
DA:1553,0
DA:1554,0
DA:1555,0
DA:1556,0
DA:1557,0
DA:1558,0
DA:1559,0
DA:1560,2
DA:1562,2
DA:1563,0
DA:1564,0
DA:1565,0
DA:1567,0
DA:1569,0
DA:1570,0
DA:1571,0
DA:1572,0
DA:1573,0
DA:1574,0
DA:1575,0
DA:1576,0
DA:1577,0
DA:1578,0
DA:1579,0
DA:1580,2
DA:1581,2
DA:1582,2
DA:1583,15
DA:1585,17
DA:1586,0
DA:1587,0
DA:1588,0
DA:1589,0
DA:1590,0
DA:1591,0
DA:1592,0
DA:1593,0
DA:1594,0
DA:1595,0
DA:1596,0
DA:1597,0
DA:1599,0
DA:1601,0
DA:1602,0
DA:1603,0
DA:1604,0
DA:1605,0
DA:1606,0
DA:1607,0
DA:1608,0
DA:1609,0
DA:1610,0
DA:1611,0
DA:1612,0
DA:1613,17
DA:1615,17
DA:1616,6
DA:1617,6
DA:1619,6
DA:1620,6
DA:1621,6
DA:1622,6
DA:1623,6
DA:1624,6
DA:1625,6
DA:1626,6
DA:1627,6
DA:1628,6
DA:1629,6
DA:1631,6
DA:1632,6
DA:1633,6
DA:1634,6
DA:1635,6
DA:1636,6
DA:1638,6
DA:1639,6
DA:1640,6
DA:1641,11
DA:1644,17
DA:1645,0
DA:1646,0
DA:1647,0
DA:1648,0
DA:1649,0
DA:1650,0
DA:1651,0
DA:1652,0
DA:1653,0
DA:1654,17
DA:1656,17
DA:1657,0
DA:1658,0
DA:1659,0
DA:1661,0
DA:1662,0
DA:1663,0
DA:1664,0
DA:1665,0
DA:1666,0
DA:1667,0
DA:1668,0
DA:1669,0
DA:1670,0
DA:1671,17
DA:1674,17
DA:1675,0
DA:1676,0
DA:1677,0
DA:1678,0
DA:1679,0
DA:1680,0
DA:1681,17
DA:1683,17
DA:1684,8
DA:1685,8
DA:1686,8
DA:1688,8
DA:1689,8
DA:1690,8
DA:1692,8
DA:1693,8
DA:1695,8
DA:1696,8
DA:1699,8
DA:1700,8
DA:1701,8
DA:1702,8
DA:1703,8
DA:1704,8
DA:1705,8
DA:1706,8
DA:1707,8
DA:1708,4
DA:1710,8
DA:1712,8
DA:1713,8
DA:1714,8
DA:1716,8
DA:1717,4
DA:1719,4
DA:1720,4
DA:1721,0
DA:1722,0
DA:1723,0
DA:1724,0
DA:1726,0
DA:1727,0
DA:1728,0
DA:1730,0
DA:1731,0
DA:1732,0
DA:1733,0
DA:1734,0
DA:1736,0
DA:1737,0
DA:1738,0
DA:1739,0
DA:1740,0
DA:1741,0
DA:1742,0
DA:1744,0
DA:1745,0
DA:1746,0
DA:1747,0
DA:1748,0
DA:1749,0
DA:1750,0
DA:1752,0
DA:1753,0
DA:1754,0
DA:1755,0
DA:1756,0
DA:1757,0
DA:1759,0
DA:1760,0
DA:1761,0
DA:1762,0
DA:1763,0
DA:1765,0
DA:1766,0
DA:1767,0
DA:1768,0
DA:1769,0
DA:1771,0
DA:1772,0
DA:1773,0
DA:1774,0
DA:1775,0
DA:1776,0
DA:1777,0
DA:1778,0
DA:1779,0
DA:1781,0
DA:1782,0
DA:1783,0
DA:1784,0
DA:1785,0
DA:1786,0
DA:1787,0
DA:1788,0
DA:1789,0
DA:1790,0
DA:1791,0
DA:1792,0
DA:1793,0
DA:1794,0
DA:1796,0
DA:1797,0
DA:1798,0
DA:1800,0
DA:1801,0
DA:1802,0
DA:1803,0
DA:1805,0
DA:1806,0
DA:1807,0
DA:1808,0
DA:1809,0
DA:1810,0
DA:1811,0
DA:1813,0
DA:1814,0
DA:1815,0
DA:1816,0
DA:1817,0
DA:1819,0
DA:1820,0
DA:1821,0
DA:1822,0
DA:1823,0
DA:1825,0
DA:1826,0
DA:1827,0
DA:1828,0
DA:1829,0
DA:1830,0
DA:1831,0
DA:1832,0
DA:1834,0
DA:1835,0
DA:1836,0
DA:1837,0
DA:1838,0
DA:1839,0
DA:1840,0
DA:1842,0
DA:1843,0
DA:1844,0
DA:1845,0
DA:1846,0
DA:1847,0
DA:1848,0
DA:1849,0
DA:1850,0
DA:1851,0
DA:1852,0
DA:1853,0
DA:1854,0
DA:1855,0
DA:1857,4
DA:1859,4
DA:1861,8
DA:1862,9
DA:1865,17
DA:1867,17
DA:1868,17
DA:1869,17
DA:1870,17
DA:1871,17
DA:1872,17
DA:1874,17
DA:1875,17
DA:1878,17
DA:1879,17
DA:1880,17
DA:1881,17
DA:1882,17
DA:1883,17
DA:1884,17
DA:1885,17
DA:1887,17
DA:1888,0
DA:1889,17
DA:1890,0
DA:1891,17
DA:1892,17
DA:1893,17
DA:1894,17
DA:1895,17
DA:1896,17
DA:1897,17
DA:1898,17
DA:1899,17
DA:1900,17
DA:1901,17
DA:1902,17
DA:1903,17
DA:1904,17
DA:1905,17
DA:1906,17
DA:1907,17
DA:1908,17
DA:1910,17
DA:1911,17
DA:1912,17
DA:1914,17
DA:1915,17
DA:1916,17
DA:1917,0
DA:1918,0
DA:1919,0
DA:1920,0
DA:1921,0
DA:1922,0
DA:1923,17
DA:1924,17
DA:1926,17
DA:1927,17
DA:1928,17
DA:1929,17
DA:1931,17
DA:1932,17
DA:1934,17
DA:1935,17
DA:1936,17
DA:1937,17
DA:1938,17
DA:1939,17
DA:1940,17
DA:1941,17
DA:1943,17
DA:1944,17
DA:1945,17
DA:1946,17
DA:1947,17
DA:1948,17
DA:1949,17
DA:1950,17
DA:1951,17
DA:1952,17
DA:1953,17
DA:1954,17
DA:1955,0
DA:1956,0
DA:1957,0
DA:1958,0
DA:1959,0
DA:1960,0
DA:1961,0
DA:1962,17
DA:1963,17
DA:1965,17
DA:1966,17
DA:1967,17
DA:1968,17
DA:1970,17
DA:1971,17
DA:1974,17
DA:1975,17
DA:1976,17
DA:1977,17
DA:1978,17
DA:1979,17
DA:1980,17
DA:1981,17
DA:1982,17
DA:1984,17
DA:1985,17
DA:1986,17
DA:1987,17
DA:1988,17
DA:1989,17
DA:1990,17
DA:1991,17
DA:1993,17
DA:1994,17
DA:1995,17
DA:1996,17
DA:1998,17
DA:1999,0
DA:2000,0
DA:2001,0
DA:2003,0
DA:2004,0
DA:2005,0
DA:2006,0
DA:2007,0
DA:2008,0
DA:2009,0
DA:2010,17
DA:2011,0
DA:2012,0
DA:2013,0
DA:2015,0
DA:2016,0
DA:2019,0
DA:2021,0
DA:2022,0
DA:2023,0
DA:2024,0
DA:2026,0
DA:2027,0
DA:2028,0
DA:2029,0
DA:2030,0
DA:2031,0
DA:2033,0
DA:2034,0
DA:2035,0
DA:2036,0
DA:2038,0
DA:2039,0
DA:2040,0
DA:2041,0
DA:2042,0
DA:2043,0
DA:2044,0
DA:2045,0
DA:2047,0
DA:2048,17
DA:2050,17
DA:2051,0
DA:2052,0
DA:2053,0
DA:2055,0
DA:2056,0
DA:2057,0
DA:2058,0
DA:2059,0
DA:2060,17
DA:2061,17
DA:2062,17
DA:2064,17
DA:2065,17
DA:2066,17
DA:2068,17
DA:2069,17
DA:2070,17
DA:2071,17
DA:2073,17
DA:2074,17
DA:2075,17
DA:2076,17
DA:2077,17
DA:2078,0
DA:2079,17
DA:2080,17
DA:2082,17
DA:2083,17
DA:2084,17
DA:2085,17
DA:2086,17
DA:2087,17
DA:2088,17
DA:2089,17
DA:2090,17
DA:2091,17
DA:2092,17
DA:2093,17
DA:2094,17
DA:2096,17
DA:2097,17
DA:2099,17
DA:2100,17
DA:2101,17
DA:2102,17
DA:2104,17
DA:2105,17
DA:2106,17
DA:2107,0
DA:2108,17
DA:2109,17
DA:2110,17
DA:2111,17
DA:2112,17
DA:2114,17
DA:2115,17
DA:2116,17
DA:2117,0
DA:2118,17
DA:2119,17
DA:2120,17
DA:2121,17
DA:2122,17
DA:2124,17
DA:2125,17
DA:2126,17
DA:2127,0
DA:2128,17
DA:2129,0
DA:2130,17
DA:2131,17
DA:2132,17
DA:2133,17
DA:2134,17
DA:2135,17
DA:2136,17
DA:2137,17
DA:2139,17
LF:1677
LH:722
BRDA:169,0,0,1
BRDA:178,1,0,1
BRDA:184,2,0,0
BRDA:185,3,0,0
BRDA:186,4,0,0
BRDA:282,5,0,4
BRDA:348,6,0,22
BRDA:355,7,0,0
BRDA:356,8,0,0
BRDA:388,9,0,17
BRDA:635,10,0,6
BRDA:640,11,0,2
BRDA:826,12,0,0
BRDA:827,13,0,0
BRDA:828,14,0,0
BRDA:831,15,0,0
BRDA:832,16,0,0
BRDA:833,17,0,0
BRDA:836,18,0,0
BRDA:837,19,0,0
BRDA:838,20,0,0
BRDA:839,21,0,0
BRDA:842,22,0,0
BRDA:844,23,0,0
BRDA:1351,24,0,15
BRDA:1353,25,0,0
BRDA:1357,26,0,2
BRDA:1357,27,0,15
BRDA:1406,28,0,0
BRDA:1436,29,0,0
BRDA:1444,30,0,2
BRDA:1451,31,0,15
BRDA:1454,32,0,0
BRDA:1464,33,0,0
BRDA:1473,34,0,2
BRDA:1533,35,0,0
BRDA:1536,36,0,0
BRDA:1536,37,0,0
BRDA:1550,38,0,0
BRDA:1562,39,0,0
BRDA:1582,40,0,15
BRDA:1585,41,0,15
BRDA:1585,42,0,0
BRDA:1615,43,0,6
BRDA:1615,44,0,6
BRDA:1640,45,0,11
BRDA:1644,46,0,0
BRDA:1647,47,0,0
BRDA:1656,48,0,6
BRDA:1656,49,0,0
BRDA:1657,50,0,0
BRDA:1674,51,0,0
BRDA:1674,52,0,0
BRDA:1683,53,0,8
BRDA:1707,54,0,4
BRDA:1708,55,0,0
BRDA:1712,56,0,0
BRDA:1716,57,0,4
BRDA:1719,58,0,4
BRDA:1720,59,0,0
BRDA:1861,60,0,9
BRDA:1887,61,0,0
BRDA:1889,62,0,0
BRDA:1910,63,0,0
BRDA:1916,64,0,0
BRDA:1954,65,0,0
BRDA:1954,66,0,0
BRDA:1984,67,0,0
BRDA:1993,68,0,0
BRDA:1998,69,0,0
BRDA:2010,70,0,0
BRDA:2050,71,0,0
BRDA:2050,72,0,0
BRDA:2106,73,0,0
BRDA:2116,74,0,0
BRDA:2126,75,0,0
BRDA:2128,76,0,0
BRDA:509,77,0,9
BRDA:511,78,0,3
BRDA:514,79,0,3
BRDA:521,80,0,8
BRDA:524,81,0,0
BRDA:526,82,0,0
BRDA:534,83,0,0
BRDA:542,84,0,0
BRDA:550,85,0,0
BRDA:571,86,0,8
BRDA:572,87,0,1
BRDA:573,88,0,7
BRDA:579,89,0,1
BRDA:586,90,0,0
BRDA:583,91,0,1
BRDA:583,92,0,0
BRDA:597,93,0,8
BRDA:599,94,0,0
BRDA:603,95,0,5
BRDA:608,96,0,8
BRDA:610,97,0,6
BRDA:610,98,0,0
BRDA:610,99,0,6
BRDA:610,100,0,1
BRDA:612,101,0,3
BRDA:612,102,0,5
BRDA:614,103,0,3
BRDA:618,104,0,3
BRDA:619,105,0,2
BRDA:619,106,0,1
BRDA:620,107,0,0
BRDA:624,108,0,2
BRDA:656,109,0,1
BRDA:658,110,0,0
BRDA:664,111,0,0
BRDA:766,112,0,10
BRDA:767,113,0,4
BRDA:767,114,0,2
BRDA:772,115,0,8
BRDA:773,116,0,0
BRDA:778,117,0,3
BRDA:780,118,0,0
BRDA:789,119,0,0
BRDA:795,120,0,0
BRDA:809,121,0,10
BRDA:810,122,0,8
BRDA:812,123,0,2
BRDA:821,124,0,2
BRDA:981,125,0,1
BRDA:982,126,0,0
BRDA:983,127,0,0
BRDA:986,128,0,0
BRDA:997,129,0,0
BRDA:1001,130,0,0
BRDA:1038,131,0,0
BRDA:1499,132,0,1
BRDA:1501,133,0,0
BRDA:1509,134,0,0
BRDA:2073,135,0,17
BRDA:2077,136,0,0
BRDA:2083,137,0,0
BRF:138
BRH:59
end_of_record
