{
  "/Users/dm/dev/dev/個人開発/AIWorkflowOrchestrator/.worktrees/task-20260305-182532-wt3/apps/desktop/src/main/ipc/historySearchHandlers.ts": {
    "path": "/Users/dm/dev/dev/個人開発/AIWorkflowOrchestrator/.worktrees/task-20260305-182532-wt3/apps/desktop/src/main/ipc/historySearchHandlers.ts",
    "all": false,
    "statementMap": {
      "0": {
        "start": { "line": 1, "column": 0 },
        "end": { "line": 1, "column": 80 }
      },
      "43": {
        "start": { "line": 44, "column": 0 },
        "end": { "line": 44, "column": 23 }
      },
      "44": {
        "start": { "line": 45, "column": 0 },
        "end": { "line": 45, "column": 29 }
      },
      "45": {
        "start": { "line": 46, "column": 0 },
        "end": { "line": 46, "column": 26 }
      },
      "47": {
        "start": { "line": 48, "column": 0 },
        "end": { "line": 48, "column": 54 }
      },
      "48": {
        "start": { "line": 49, "column": 0 },
        "end": { "line": 49, "column": 10 }
      },
      "49": {
        "start": { "line": 50, "column": 0 },
        "end": { "line": 50, "column": 18 }
      },
      "50": {
        "start": { "line": 51, "column": 0 },
        "end": { "line": 51, "column": 9 }
      },
      "51": {
        "start": { "line": 52, "column": 0 },
        "end": { "line": 52, "column": 4 }
      },
      "52": {
        "start": { "line": 53, "column": 0 },
        "end": { "line": 53, "column": 1 }
      },
      "54": {
        "start": { "line": 55, "column": 0 },
        "end": { "line": 55, "column": 71 }
      },
      "55": {
        "start": { "line": 56, "column": 0 },
        "end": { "line": 56, "column": 10 }
      },
      "56": {
        "start": { "line": 57, "column": 0 },
        "end": { "line": 57, "column": 19 }
      },
      "57": {
        "start": { "line": 58, "column": 0 },
        "end": { "line": 58, "column": 12 }
      },
      "58": {
        "start": { "line": 59, "column": 0 },
        "end": { "line": 59, "column": 11 }
      },
      "59": {
        "start": { "line": 60, "column": 0 },
        "end": { "line": 60, "column": 14 }
      },
      "60": {
        "start": { "line": 61, "column": 0 },
        "end": { "line": 61, "column": 6 }
      },
      "61": {
        "start": { "line": 62, "column": 0 },
        "end": { "line": 62, "column": 4 }
      },
      "62": {
        "start": { "line": 63, "column": 0 },
        "end": { "line": 63, "column": 1 }
      },
      "64": {
        "start": { "line": 65, "column": 0 },
        "end": { "line": 65, "column": 24 }
      },
      "65": {
        "start": { "line": 66, "column": 0 },
        "end": { "line": 66, "column": 28 }
      },
      "66": {
        "start": { "line": 67, "column": 0 },
        "end": { "line": 67, "column": 28 }
      },
      "67": {
        "start": { "line": 68, "column": 0 },
        "end": { "line": 68, "column": 12 }
      },
      "68": {
        "start": { "line": 69, "column": 0 },
        "end": { "line": 69, "column": 52 }
      },
      "69": {
        "start": { "line": 70, "column": 0 },
        "end": { "line": 70, "column": 17 }
      },
      "70": {
        "start": { "line": 71, "column": 0 },
        "end": { "line": 71, "column": 3 }
      },
      "72": {
        "start": { "line": 73, "column": 0 },
        "end": { "line": 73, "column": 48 }
      },
      "73": {
        "start": { "line": 74, "column": 0 },
        "end": { "line": 74, "column": 17 }
      },
      "74": {
        "start": { "line": 75, "column": 0 },
        "end": { "line": 75, "column": 3 }
      },
      "76": {
        "start": { "line": 77, "column": 0 },
        "end": { "line": 77, "column": 49 }
      },
      "77": {
        "start": { "line": 78, "column": 0 },
        "end": { "line": 78, "column": 10 }
      },
      "78": {
        "start": { "line": 79, "column": 0 },
        "end": { "line": 79, "column": 38 }
      },
      "79": {
        "start": { "line": 80, "column": 0 },
        "end": { "line": 80, "column": 47 }
      },
      "80": {
        "start": { "line": 81, "column": 0 },
        "end": { "line": 81, "column": 45 }
      },
      "82": {
        "start": { "line": 83, "column": 0 },
        "end": { "line": 83, "column": 1 }
      },
      "84": {
        "start": { "line": 85, "column": 0 },
        "end": { "line": 85, "column": 46 }
      },
      "85": {
        "start": { "line": 86, "column": 0 },
        "end": { "line": 86, "column": 67 }
      },
      "86": {
        "start": { "line": 87, "column": 0 },
        "end": { "line": 87, "column": 24 }
      },
      "87": {
        "start": { "line": 88, "column": 0 },
        "end": { "line": 88, "column": 3 }
      },
      "88": {
        "start": { "line": 89, "column": 0 },
        "end": { "line": 89, "column": 26 }
      },
      "89": {
        "start": { "line": 90, "column": 0 },
        "end": { "line": 90, "column": 1 }
      },
      "91": {
        "start": { "line": 92, "column": 0 },
        "end": { "line": 92, "column": 54 }
      },
      "92": {
        "start": { "line": 93, "column": 0 },
        "end": { "line": 93, "column": 79 }
      },
      "93": {
        "start": { "line": 94, "column": 0 },
        "end": { "line": 94, "column": 29 }
      },
      "94": {
        "start": { "line": 95, "column": 0 },
        "end": { "line": 95, "column": 3 }
      },
      "95": {
        "start": { "line": 96, "column": 0 },
        "end": { "line": 96, "column": 55 }
      },
      "96": {
        "start": { "line": 97, "column": 0 },
        "end": { "line": 97, "column": 1 }
      },
      "98": {
        "start": { "line": 99, "column": 0 },
        "end": { "line": 99, "column": 32 }
      },
      "99": {
        "start": { "line": 100, "column": 0 },
        "end": { "line": 100, "column": 32 }
      },
      "100": {
        "start": { "line": 101, "column": 0 },
        "end": { "line": 101, "column": 25 }
      },
      "101": {
        "start": { "line": 102, "column": 0 },
        "end": { "line": 102, "column": 10 }
      },
      "102": {
        "start": { "line": 103, "column": 0 },
        "end": { "line": 103, "column": 15 }
      },
      "103": {
        "start": { "line": 104, "column": 0 },
        "end": { "line": 104, "column": 32 }
      },
      "104": {
        "start": { "line": 105, "column": 0 },
        "end": { "line": 105, "column": 37 }
      },
      "105": {
        "start": { "line": 106, "column": 0 },
        "end": { "line": 106, "column": 49 }
      },
      "106": {
        "start": { "line": 107, "column": 0 },
        "end": { "line": 107, "column": 4 }
      },
      "107": {
        "start": { "line": 108, "column": 0 },
        "end": { "line": 108, "column": 1 }
      },
      "109": {
        "start": { "line": 110, "column": 0 },
        "end": { "line": 110, "column": 46 }
      },
      "110": {
        "start": { "line": 111, "column": 0 },
        "end": { "line": 111, "column": 28 }
      },
      "111": {
        "start": { "line": 112, "column": 0 },
        "end": { "line": 112, "column": 32 }
      },
      "112": {
        "start": { "line": 113, "column": 0 },
        "end": { "line": 113, "column": 9 }
      },
      "113": {
        "start": { "line": 114, "column": 0 },
        "end": { "line": 114, "column": 17 }
      },
      "114": {
        "start": { "line": 115, "column": 0 },
        "end": { "line": 115, "column": 32 }
      },
      "115": {
        "start": { "line": 116, "column": 0 },
        "end": { "line": 116, "column": 11 }
      },
      "116": {
        "start": { "line": 117, "column": 0 },
        "end": { "line": 117, "column": 32 }
      },
      "117": {
        "start": { "line": 118, "column": 0 },
        "end": { "line": 118, "column": 36 }
      },
      "131": {
        "start": { "line": 132, "column": 0 },
        "end": { "line": 132, "column": 10 }
      },
      "132": {
        "start": { "line": 133, "column": 0 },
        "end": { "line": 133, "column": 47 }
      },
      "133": {
        "start": { "line": 134, "column": 0 },
        "end": { "line": 134, "column": 67 }
      },
      "134": {
        "start": { "line": 135, "column": 0 },
        "end": { "line": 135, "column": 7 }
      },
      "136": {
        "start": { "line": 137, "column": 0 },
        "end": { "line": 137, "column": 58 }
      },
      "137": {
        "start": { "line": 138, "column": 0 },
        "end": { "line": 138, "column": 64 }
      },
      "138": {
        "start": { "line": 139, "column": 0 },
        "end": { "line": 139, "column": 7 }
      },
      "140": {
        "start": { "line": 141, "column": 0 },
        "end": { "line": 141, "column": 64 }
      },
      "141": {
        "start": { "line": 142, "column": 0 },
        "end": { "line": 142, "column": 43 }
      },
      "142": {
        "start": { "line": 143, "column": 0 },
        "end": { "line": 143, "column": 64 }
      },
      "143": {
        "start": { "line": 144, "column": 0 },
        "end": { "line": 144, "column": 7 }
      },
      "145": {
        "start": { "line": 146, "column": 0 },
        "end": { "line": 146, "column": 11 }
      },
      "146": {
        "start": { "line": 147, "column": 0 },
        "end": { "line": 147, "column": 63 }
      },
      "147": {
        "start": { "line": 148, "column": 0 },
        "end": { "line": 148, "column": 31 }
      },
      "148": {
        "start": { "line": 149, "column": 0 },
        "end": { "line": 149, "column": 23 }
      },
      "149": {
        "start": { "line": 150, "column": 0 },
        "end": { "line": 150, "column": 23 }
      },
      "150": {
        "start": { "line": 151, "column": 0 },
        "end": { "line": 151, "column": 86 }
      },
      "151": {
        "start": { "line": 152, "column": 0 },
        "end": { "line": 152, "column": 50 }
      },
      "152": {
        "start": { "line": 153, "column": 0 },
        "end": { "line": 153, "column": 7 }
      },
      "153": {
        "start": { "line": 154, "column": 0 },
        "end": { "line": 154, "column": 6 }
      },
      "154": {
        "start": { "line": 155, "column": 0 },
        "end": { "line": 155, "column": 4 }
      },
      "156": {
        "start": { "line": 157, "column": 0 },
        "end": { "line": 157, "column": 17 }
      },
      "157": {
        "start": { "line": 158, "column": 0 },
        "end": { "line": 158, "column": 35 }
      },
      "158": {
        "start": { "line": 159, "column": 0 },
        "end": { "line": 159, "column": 11 }
      },
      "159": {
        "start": { "line": 160, "column": 0 },
        "end": { "line": 160, "column": 32 }
      },
      "166": {
        "start": { "line": 167, "column": 0 },
        "end": { "line": 167, "column": 10 }
      },
      "167": {
        "start": { "line": 168, "column": 0 },
        "end": { "line": 168, "column": 47 }
      },
      "168": {
        "start": { "line": 169, "column": 0 },
        "end": { "line": 169, "column": 67 }
      },
      "169": {
        "start": { "line": 170, "column": 0 },
        "end": { "line": 170, "column": 7 }
      },
      "171": {
        "start": { "line": 172, "column": 0 },
        "end": { "line": 172, "column": 11 }
      },
      "172": {
        "start": { "line": 173, "column": 0 },
        "end": { "line": 173, "column": 48 }
      },
      "173": {
        "start": { "line": 174, "column": 0 },
        "end": { "line": 174, "column": 31 }
      },
      "174": {
        "start": { "line": 175, "column": 0 },
        "end": { "line": 175, "column": 23 }
      },
      "175": {
        "start": { "line": 176, "column": 0 },
        "end": { "line": 176, "column": 23 }
      },
      "176": {
        "start": { "line": 177, "column": 0 },
        "end": { "line": 177, "column": 83 }
      },
      "177": {
        "start": { "line": 178, "column": 0 },
        "end": { "line": 178, "column": 50 }
      },
      "178": {
        "start": { "line": 179, "column": 0 },
        "end": { "line": 179, "column": 7 }
      },
      "179": {
        "start": { "line": 180, "column": 0 },
        "end": { "line": 180, "column": 6 }
      },
      "180": {
        "start": { "line": 181, "column": 0 },
        "end": { "line": 181, "column": 4 }
      },
      "181": {
        "start": { "line": 182, "column": 0 },
        "end": { "line": 182, "column": 1 }
      },
      "183": {
        "start": { "line": 184, "column": 0 },
        "end": { "line": 184, "column": 69 }
      },
      "184": {
        "start": { "line": 185, "column": 0 },
        "end": { "line": 185, "column": 60 }
      },
      "185": {
        "start": { "line": 186, "column": 0 },
        "end": { "line": 186, "column": 1 }
      },
      "187": {
        "start": { "line": 188, "column": 0 },
        "end": { "line": 188, "column": 27 }
      },
      "188": {
        "start": { "line": 189, "column": 0 },
        "end": { "line": 189, "column": 35 }
      },
      "189": {
        "start": { "line": 190, "column": 0 },
        "end": { "line": 190, "column": 44 }
      },
      "190": {
        "start": { "line": 191, "column": 0 },
        "end": { "line": 191, "column": 60 }
      },
      "191": {
        "start": { "line": 192, "column": 0 },
        "end": { "line": 192, "column": 20 }
      },
      "192": {
        "start": { "line": 193, "column": 0 },
        "end": { "line": 193, "column": 17 }
      },
      "193": {
        "start": { "line": 194, "column": 0 },
        "end": { "line": 194, "column": 12 }
      },
      "194": {
        "start": { "line": 195, "column": 0 },
        "end": { "line": 195, "column": 20 }
      },
      "195": {
        "start": { "line": 196, "column": 0 },
        "end": { "line": 196, "column": 4 }
      },
      "197": {
        "start": { "line": 198, "column": 0 },
        "end": { "line": 198, "column": 29 }
      },
      "198": {
        "start": { "line": 199, "column": 0 },
        "end": { "line": 199, "column": 28 }
      },
      "199": {
        "start": { "line": 200, "column": 0 },
        "end": { "line": 200, "column": 3 }
      },
      "200": {
        "start": { "line": 201, "column": 0 },
        "end": { "line": 201, "column": 17 }
      },
      "201": {
        "start": { "line": 202, "column": 0 },
        "end": { "line": 202, "column": 1 }
      },
      "203": {
        "start": { "line": 204, "column": 0 },
        "end": { "line": 204, "column": 51 }
      },
      "204": {
        "start": { "line": 205, "column": 0 },
        "end": { "line": 205, "column": 39 }
      },
      "205": {
        "start": { "line": 206, "column": 0 },
        "end": { "line": 206, "column": 25 }
      },
      "206": {
        "start": { "line": 207, "column": 0 },
        "end": { "line": 207, "column": 28 }
      },
      "208": {
        "start": { "line": 209, "column": 0 },
        "end": { "line": 209, "column": 10 }
      },
      "209": {
        "start": { "line": 210, "column": 0 },
        "end": { "line": 210, "column": 27 }
      },
      "210": {
        "start": { "line": 211, "column": 0 },
        "end": { "line": 211, "column": 41 }
      },
      "211": {
        "start": { "line": 212, "column": 0 },
        "end": { "line": 212, "column": 49 }
      },
      "212": {
        "start": { "line": 213, "column": 0 },
        "end": { "line": 213, "column": 48 }
      },
      "213": {
        "start": { "line": 214, "column": 0 },
        "end": { "line": 214, "column": 46 }
      },
      "214": {
        "start": { "line": 215, "column": 0 },
        "end": { "line": 215, "column": 15 }
      },
      "215": {
        "start": { "line": 216, "column": 0 },
        "end": { "line": 216, "column": 89 }
      },
      "217": {
        "start": { "line": 218, "column": 0 },
        "end": { "line": 218, "column": 49 }
      },
      "218": {
        "start": { "line": 219, "column": 0 },
        "end": { "line": 219, "column": 28 }
      },
      "219": {
        "start": { "line": 220, "column": 0 },
        "end": { "line": 220, "column": 50 }
      },
      "220": {
        "start": { "line": 221, "column": 0 },
        "end": { "line": 221, "column": 50 }
      },
      "221": {
        "start": { "line": 222, "column": 0 },
        "end": { "line": 222, "column": 27 }
      },
      "222": {
        "start": { "line": 223, "column": 0 },
        "end": { "line": 223, "column": 50 }
      },
      "223": {
        "start": { "line": 224, "column": 0 },
        "end": { "line": 224, "column": 18 }
      },
      "224": {
        "start": { "line": 225, "column": 0 },
        "end": { "line": 225, "column": 46 }
      },
      "225": {
        "start": { "line": 226, "column": 0 },
        "end": { "line": 226, "column": 53 }
      },
      "226": {
        "start": { "line": 227, "column": 0 },
        "end": { "line": 227, "column": 31 }
      },
      "227": {
        "start": { "line": 228, "column": 0 },
        "end": { "line": 228, "column": 80 }
      },
      "228": {
        "start": { "line": 229, "column": 0 },
        "end": { "line": 229, "column": 29 }
      },
      "229": {
        "start": { "line": 230, "column": 0 },
        "end": { "line": 230, "column": 76 }
      },
      "231": {
        "start": { "line": 232, "column": 0 },
        "end": { "line": 232, "column": 79 }
      },
      "232": {
        "start": { "line": 233, "column": 0 },
        "end": { "line": 233, "column": 9 }
      },
      "234": {
        "start": { "line": 235, "column": 0 },
        "end": { "line": 235, "column": 48 }
      },
      "235": {
        "start": { "line": 236, "column": 0 },
        "end": { "line": 236, "column": 61 }
      },
      "236": {
        "start": { "line": 237, "column": 0 },
        "end": { "line": 237, "column": 43 }
      },
      "237": {
        "start": { "line": 238, "column": 0 },
        "end": { "line": 238, "column": 62 }
      },
      "239": {
        "start": { "line": 240, "column": 0 },
        "end": { "line": 240, "column": 14 }
      },
      "240": {
        "start": { "line": 241, "column": 0 },
        "end": { "line": 241, "column": 23 }
      },
      "241": {
        "start": { "line": 242, "column": 0 },
        "end": { "line": 242, "column": 21 }
      },
      "242": {
        "start": { "line": 243, "column": 0 },
        "end": { "line": 243, "column": 15 }
      },
      "243": {
        "start": { "line": 244, "column": 0 },
        "end": { "line": 244, "column": 19 }
      },
      "244": {
        "start": { "line": 245, "column": 0 },
        "end": { "line": 245, "column": 33 }
      },
      "245": {
        "start": { "line": 246, "column": 0 },
        "end": { "line": 246, "column": 10 }
      },
      "246": {
        "start": { "line": 247, "column": 0 },
        "end": { "line": 247, "column": 16 }
      },
      "247": {
        "start": { "line": 248, "column": 0 },
        "end": { "line": 248, "column": 38 }
      },
      "248": {
        "start": { "line": 249, "column": 0 },
        "end": { "line": 249, "column": 46 }
      },
      "249": {
        "start": { "line": 250, "column": 0 },
        "end": { "line": 250, "column": 10 }
      },
      "250": {
        "start": { "line": 251, "column": 0 },
        "end": { "line": 251, "column": 8 }
      },
      "251": {
        "start": { "line": 252, "column": 0 },
        "end": { "line": 252, "column": 6 }
      },
      "253": {
        "start": { "line": 254, "column": 0 },
        "end": { "line": 254, "column": 22 }
      },
      "254": {
        "start": { "line": 255, "column": 0 },
        "end": { "line": 255, "column": 48 }
      },
      "255": {
        "start": { "line": 256, "column": 0 },
        "end": { "line": 256, "column": 14 }
      },
      "256": {
        "start": { "line": 257, "column": 0 },
        "end": { "line": 257, "column": 35 }
      },
      "257": {
        "start": { "line": 258, "column": 0 },
        "end": { "line": 258, "column": 15 }
      },
      "258": {
        "start": { "line": 259, "column": 0 },
        "end": { "line": 259, "column": 53 }
      },
      "259": {
        "start": { "line": 260, "column": 0 },
        "end": { "line": 260, "column": 8 }
      },
      "260": {
        "start": { "line": 261, "column": 0 },
        "end": { "line": 261, "column": 6 }
      },
      "261": {
        "start": { "line": 262, "column": 0 },
        "end": { "line": 262, "column": 4 }
      },
      "262": {
        "start": { "line": 263, "column": 0 },
        "end": { "line": 263, "column": 1 }
      }
    },
    "s": {
      "0": 1,
      "43": 1,
      "44": 1,
      "45": 1,
      "47": 2,
      "48": 2,
      "49": 2,
      "50": 2,
      "51": 2,
      "52": 2,
      "54": 2,
      "55": 2,
      "56": 2,
      "57": 2,
      "58": 2,
      "59": 2,
      "60": 2,
      "61": 2,
      "62": 2,
      "64": 4,
      "65": 4,
      "66": 4,
      "67": 4,
      "68": 4,
      "69": 0,
      "70": 0,
      "72": 4,
      "73": 1,
      "74": 1,
      "76": 4,
      "77": 4,
      "78": 4,
      "79": 0,
      "80": 0,
      "82": 4,
      "84": 2,
      "85": 2,
      "86": 0,
      "87": 0,
      "88": 2,
      "89": 2,
      "91": 2,
      "92": 2,
      "93": 0,
      "94": 0,
      "95": 2,
      "96": 2,
      "98": 2,
      "99": 2,
      "100": 2,
      "101": 2,
      "102": 2,
      "103": 2,
      "104": 2,
      "105": 2,
      "106": 2,
      "107": 2,
      "109": 1,
      "110": 4,
      "111": 4,
      "112": 4,
      "113": 4,
      "114": 4,
      "115": 4,
      "116": 3,
      "117": 3,
      "131": 3,
      "132": 3,
      "133": 1,
      "134": 1,
      "136": 3,
      "137": 0,
      "138": 0,
      "140": 2,
      "141": 3,
      "142": 1,
      "143": 1,
      "145": 1,
      "146": 1,
      "147": 1,
      "148": 3,
      "149": 0,
      "150": 0,
      "151": 0,
      "152": 0,
      "153": 3,
      "154": 4,
      "156": 4,
      "157": 4,
      "158": 4,
      "159": 1,
      "166": 1,
      "167": 1,
      "168": 0,
      "169": 0,
      "171": 1,
      "172": 1,
      "173": 1,
      "174": 1,
      "175": 0,
      "176": 0,
      "177": 0,
      "178": 0,
      "179": 1,
      "180": 4,
      "181": 4,
      "183": 3,
      "184": 3,
      "185": 3,
      "187": 2,
      "188": 2,
      "189": 2,
      "190": 2,
      "191": 2,
      "192": 2,
      "193": 2,
      "194": 2,
      "195": 2,
      "197": 2,
      "198": 3,
      "199": 3,
      "200": 2,
      "201": 2,
      "203": 1,
      "204": 4,
      "205": 4,
      "206": 4,
      "208": 4,
      "209": 4,
      "210": 1,
      "211": 1,
      "212": 1,
      "213": 0,
      "214": 1,
      "215": 1,
      "217": 1,
      "218": 2,
      "219": 2,
      "220": 1,
      "221": 2,
      "222": 2,
      "223": 2,
      "224": 0,
      "225": 2,
      "226": 2,
      "227": 2,
      "228": 2,
      "229": 2,
      "231": 2,
      "232": 1,
      "234": 1,
      "235": 1,
      "236": 1,
      "237": 1,
      "239": 1,
      "240": 1,
      "241": 1,
      "242": 1,
      "243": 1,
      "244": 1,
      "245": 1,
      "246": 1,
      "247": 1,
      "248": 1,
      "249": 1,
      "250": 1,
      "251": 1,
      "253": 4,
      "254": 1,
      "255": 1,
      "256": 1,
      "257": 1,
      "258": 1,
      "259": 1,
      "260": 1,
      "261": 4,
      "262": 4
    },
    "branchMap": {
      "0": {
        "type": "branch",
        "line": 48,
        "loc": {
          "start": { "line": 48, "column": 0 },
          "end": { "line": 53, "column": 1 }
        },
        "locations": [
          {
            "start": { "line": 48, "column": 0 },
            "end": { "line": 53, "column": 1 }
          }
        ]
      },
      "1": {
        "type": "branch",
        "line": 55,
        "loc": {
          "start": { "line": 55, "column": 0 },
          "end": { "line": 63, "column": 1 }
        },
        "locations": [
          {
            "start": { "line": 55, "column": 0 },
            "end": { "line": 63, "column": 1 }
          }
        ]
      },
      "2": {
        "type": "branch",
        "line": 65,
        "loc": {
          "start": { "line": 65, "column": 0 },
          "end": { "line": 83, "column": 1 }
        },
        "locations": [
          {
            "start": { "line": 65, "column": 0 },
            "end": { "line": 83, "column": 1 }
          }
        ]
      },
      "3": {
        "type": "branch",
        "line": 69,
        "loc": {
          "start": { "line": 69, "column": 51 },
          "end": { "line": 71, "column": 3 }
        },
        "locations": [
          {
            "start": { "line": 69, "column": 51 },
            "end": { "line": 71, "column": 3 }
          }
        ]
      },
      "4": {
        "type": "branch",
        "line": 73,
        "loc": {
          "start": { "line": 73, "column": 47 },
          "end": { "line": 75, "column": 3 }
        },
        "locations": [
          {
            "start": { "line": 73, "column": 47 },
            "end": { "line": 75, "column": 3 }
          }
        ]
      },
      "5": {
        "type": "branch",
        "line": 75,
        "loc": {
          "start": { "line": 75, "column": 2 },
          "end": { "line": 77, "column": 46 }
        },
        "locations": [
          {
            "start": { "line": 75, "column": 2 },
            "end": { "line": 77, "column": 46 }
          }
        ]
      },
      "6": {
        "type": "branch",
        "line": 77,
        "loc": {
          "start": { "line": 77, "column": 39 },
          "end": { "line": 77, "column": 49 }
        },
        "locations": [
          {
            "start": { "line": 77, "column": 39 },
            "end": { "line": 77, "column": 49 }
          }
        ]
      },
      "7": {
        "type": "branch",
        "line": 79,
        "loc": {
          "start": { "line": 79, "column": 34 },
          "end": { "line": 80, "column": 47 }
        },
        "locations": [
          {
            "start": { "line": 79, "column": 34 },
            "end": { "line": 80, "column": 47 }
          }
        ]
      },
      "8": {
        "type": "branch",
        "line": 80,
        "loc": {
          "start": { "line": 80, "column": 43 },
          "end": { "line": 81, "column": 45 }
        },
        "locations": [
          {
            "start": { "line": 80, "column": 43 },
            "end": { "line": 81, "column": 45 }
          }
        ]
      },
      "9": {
        "type": "branch",
        "line": 85,
        "loc": {
          "start": { "line": 85, "column": 0 },
          "end": { "line": 90, "column": 1 }
        },
        "locations": [
          {
            "start": { "line": 85, "column": 0 },
            "end": { "line": 90, "column": 1 }
          }
        ]
      },
      "10": {
        "type": "branch",
        "line": 86,
        "loc": {
          "start": { "line": 86, "column": 66 },
          "end": { "line": 88, "column": 3 }
        },
        "locations": [
          {
            "start": { "line": 86, "column": 66 },
            "end": { "line": 88, "column": 3 }
          }
        ]
      },
      "11": {
        "type": "branch",
        "line": 92,
        "loc": {
          "start": { "line": 92, "column": 0 },
          "end": { "line": 97, "column": 1 }
        },
        "locations": [
          {
            "start": { "line": 92, "column": 0 },
            "end": { "line": 97, "column": 1 }
          }
        ]
      },
      "12": {
        "type": "branch",
        "line": 93,
        "loc": {
          "start": { "line": 93, "column": 78 },
          "end": { "line": 95, "column": 3 }
        },
        "locations": [
          {
            "start": { "line": 93, "column": 78 },
            "end": { "line": 95, "column": 3 }
          }
        ]
      },
      "13": {
        "type": "branch",
        "line": 99,
        "loc": {
          "start": { "line": 99, "column": 0 },
          "end": { "line": 108, "column": 1 }
        },
        "locations": [
          {
            "start": { "line": 99, "column": 0 },
            "end": { "line": 108, "column": 1 }
          }
        ]
      },
      "14": {
        "type": "branch",
        "line": 110,
        "loc": {
          "start": { "line": 110, "column": 7 },
          "end": { "line": 182, "column": 1 }
        },
        "locations": [
          {
            "start": { "line": 110, "column": 7 },
            "end": { "line": 182, "column": 1 }
          }
        ]
      },
      "15": {
        "type": "branch",
        "line": 116,
        "loc": {
          "start": { "line": 116, "column": 4 },
          "end": { "line": 154, "column": 6 }
        },
        "locations": [
          {
            "start": { "line": 116, "column": 4 },
            "end": { "line": 154, "column": 6 }
          }
        ]
      },
      "16": {
        "type": "branch",
        "line": 133,
        "loc": {
          "start": { "line": 133, "column": 46 },
          "end": { "line": 135, "column": 7 }
        },
        "locations": [
          {
            "start": { "line": 133, "column": 46 },
            "end": { "line": 135, "column": 7 }
          }
        ]
      },
      "17": {
        "type": "branch",
        "line": 135,
        "loc": {
          "start": { "line": 135, "column": 6 },
          "end": { "line": 137, "column": 57 }
        },
        "locations": [
          {
            "start": { "line": 135, "column": 6 },
            "end": { "line": 137, "column": 57 }
          }
        ]
      },
      "18": {
        "type": "branch",
        "line": 137,
        "loc": {
          "start": { "line": 137, "column": 57 },
          "end": { "line": 139, "column": 7 }
        },
        "locations": [
          {
            "start": { "line": 137, "column": 57 },
            "end": { "line": 139, "column": 7 }
          }
        ]
      },
      "19": {
        "type": "branch",
        "line": 139,
        "loc": {
          "start": { "line": 139, "column": 6 },
          "end": { "line": 142, "column": 42 }
        },
        "locations": [
          {
            "start": { "line": 139, "column": 6 },
            "end": { "line": 142, "column": 42 }
          }
        ]
      },
      "20": {
        "type": "branch",
        "line": 142,
        "loc": {
          "start": { "line": 142, "column": 42 },
          "end": { "line": 149, "column": 15 }
        },
        "locations": [
          {
            "start": { "line": 142, "column": 42 },
            "end": { "line": 149, "column": 15 }
          }
        ]
      },
      "21": {
        "type": "branch",
        "line": 149,
        "loc": {
          "start": { "line": 149, "column": 6 },
          "end": { "line": 153, "column": 7 }
        },
        "locations": [
          {
            "start": { "line": 149, "column": 6 },
            "end": { "line": 153, "column": 7 }
          }
        ]
      },
      "22": {
        "type": "branch",
        "line": 159,
        "loc": {
          "start": { "line": 159, "column": 4 },
          "end": { "line": 180, "column": 6 }
        },
        "locations": [
          {
            "start": { "line": 159, "column": 4 },
            "end": { "line": 180, "column": 6 }
          }
        ]
      },
      "23": {
        "type": "branch",
        "line": 168,
        "loc": {
          "start": { "line": 168, "column": 46 },
          "end": { "line": 170, "column": 7 }
        },
        "locations": [
          {
            "start": { "line": 168, "column": 46 },
            "end": { "line": 170, "column": 7 }
          }
        ]
      },
      "24": {
        "type": "branch",
        "line": 175,
        "loc": {
          "start": { "line": 175, "column": 6 },
          "end": { "line": 179, "column": 7 }
        },
        "locations": [
          {
            "start": { "line": 175, "column": 6 },
            "end": { "line": 179, "column": 7 }
          }
        ]
      },
      "25": {
        "type": "branch",
        "line": 184,
        "loc": {
          "start": { "line": 184, "column": 0 },
          "end": { "line": 186, "column": 1 }
        },
        "locations": [
          {
            "start": { "line": 184, "column": 0 },
            "end": { "line": 186, "column": 1 }
          }
        ]
      },
      "26": {
        "type": "branch",
        "line": 188,
        "loc": {
          "start": { "line": 188, "column": 0 },
          "end": { "line": 202, "column": 1 }
        },
        "locations": [
          {
            "start": { "line": 188, "column": 0 },
            "end": { "line": 202, "column": 1 }
          }
        ]
      },
      "27": {
        "type": "branch",
        "line": 198,
        "loc": {
          "start": { "line": 198, "column": 28 },
          "end": { "line": 200, "column": 3 }
        },
        "locations": [
          {
            "start": { "line": 198, "column": 28 },
            "end": { "line": 200, "column": 3 }
          }
        ]
      },
      "28": {
        "type": "branch",
        "line": 204,
        "loc": {
          "start": { "line": 204, "column": 7 },
          "end": { "line": 263, "column": 1 }
        },
        "locations": [
          {
            "start": { "line": 204, "column": 7 },
            "end": { "line": 263, "column": 1 }
          }
        ]
      },
      "29": {
        "type": "branch",
        "line": 210,
        "loc": {
          "start": { "line": 210, "column": 4 },
          "end": { "line": 252, "column": 6 }
        },
        "locations": [
          {
            "start": { "line": 210, "column": 4 },
            "end": { "line": 252, "column": 6 }
          }
        ]
      },
      "30": {
        "type": "branch",
        "line": 212,
        "loc": {
          "start": { "line": 212, "column": 34 },
          "end": { "line": 212, "column": 49 }
        },
        "locations": [
          {
            "start": { "line": 212, "column": 34 },
            "end": { "line": 212, "column": 49 }
          }
        ]
      },
      "31": {
        "type": "branch",
        "line": 213,
        "loc": {
          "start": { "line": 213, "column": 31 },
          "end": { "line": 213, "column": 48 }
        },
        "locations": [
          {
            "start": { "line": 213, "column": 31 },
            "end": { "line": 213, "column": 48 }
          }
        ]
      },
      "32": {
        "type": "branch",
        "line": 213,
        "loc": {
          "start": { "line": 213, "column": 40 },
          "end": { "line": 214, "column": 46 }
        },
        "locations": [
          {
            "start": { "line": 213, "column": 40 },
            "end": { "line": 214, "column": 46 }
          }
        ]
      },
      "33": {
        "type": "branch",
        "line": 216,
        "loc": {
          "start": { "line": 216, "column": 29 },
          "end": { "line": 216, "column": 47 }
        },
        "locations": [
          {
            "start": { "line": 216, "column": 29 },
            "end": { "line": 216, "column": 47 }
          }
        ]
      },
      "34": {
        "type": "branch",
        "line": 216,
        "loc": {
          "start": { "line": 216, "column": 38 },
          "end": { "line": 216, "column": 84 }
        },
        "locations": [
          {
            "start": { "line": 216, "column": 38 },
            "end": { "line": 216, "column": 84 }
          }
        ]
      },
      "35": {
        "type": "branch",
        "line": 235,
        "loc": {
          "start": { "line": 235, "column": 27 },
          "end": { "line": 235, "column": 48 }
        },
        "locations": [
          {
            "start": { "line": 235, "column": 27 },
            "end": { "line": 235, "column": 48 }
          }
        ]
      },
      "36": {
        "type": "branch",
        "line": 236,
        "loc": {
          "start": { "line": 236, "column": 31 },
          "end": { "line": 236, "column": 61 }
        },
        "locations": [
          {
            "start": { "line": 236, "column": 31 },
            "end": { "line": 236, "column": 61 }
          }
        ]
      },
      "37": {
        "type": "branch",
        "line": 218,
        "loc": {
          "start": { "line": 218, "column": 38 },
          "end": { "line": 233, "column": 7 }
        },
        "locations": [
          {
            "start": { "line": 218, "column": 38 },
            "end": { "line": 233, "column": 7 }
          }
        ]
      },
      "38": {
        "type": "branch",
        "line": 220,
        "loc": {
          "start": { "line": 220, "column": 46 },
          "end": { "line": 221, "column": 50 }
        },
        "locations": [
          {
            "start": { "line": 220, "column": 46 },
            "end": { "line": 221, "column": 50 }
          }
        ]
      },
      "39": {
        "type": "branch",
        "line": 223,
        "loc": {
          "start": { "line": 223, "column": 11 },
          "end": { "line": 223, "column": 50 }
        },
        "locations": [
          {
            "start": { "line": 223, "column": 11 },
            "end": { "line": 223, "column": 50 }
          }
        ]
      },
      "40": {
        "type": "branch",
        "line": 224,
        "loc": {
          "start": { "line": 224, "column": 14 },
          "end": { "line": 225, "column": 46 }
        },
        "locations": [
          {
            "start": { "line": 224, "column": 14 },
            "end": { "line": 225, "column": 46 }
          }
        ]
      },
      "41": {
        "type": "branch",
        "line": 228,
        "loc": {
          "start": { "line": 228, "column": 23 },
          "end": { "line": 228, "column": 58 }
        },
        "locations": [
          {
            "start": { "line": 228, "column": 23 },
            "end": { "line": 228, "column": 58 }
          }
        ]
      },
      "42": {
        "type": "branch",
        "line": 228,
        "loc": {
          "start": { "line": 228, "column": 53 },
          "end": { "line": 228, "column": 80 }
        },
        "locations": [
          {
            "start": { "line": 228, "column": 53 },
            "end": { "line": 228, "column": 80 }
          }
        ]
      },
      "43": {
        "type": "branch",
        "line": 230,
        "loc": {
          "start": { "line": 230, "column": 21 },
          "end": { "line": 230, "column": 56 }
        },
        "locations": [
          {
            "start": { "line": 230, "column": 21 },
            "end": { "line": 230, "column": 56 }
          }
        ]
      },
      "44": {
        "type": "branch",
        "line": 230,
        "loc": {
          "start": { "line": 230, "column": 51 },
          "end": { "line": 230, "column": 76 }
        },
        "locations": [
          {
            "start": { "line": 230, "column": 51 },
            "end": { "line": 230, "column": 76 }
          }
        ]
      },
      "45": {
        "type": "branch",
        "line": 232,
        "loc": {
          "start": { "line": 232, "column": 15 },
          "end": { "line": 232, "column": 46 }
        },
        "locations": [
          {
            "start": { "line": 232, "column": 15 },
            "end": { "line": 232, "column": 46 }
          }
        ]
      },
      "46": {
        "type": "branch",
        "line": 232,
        "loc": {
          "start": { "line": 232, "column": 31 },
          "end": { "line": 232, "column": 65 }
        },
        "locations": [
          {
            "start": { "line": 232, "column": 31 },
            "end": { "line": 232, "column": 65 }
          }
        ]
      },
      "47": {
        "type": "branch",
        "line": 232,
        "loc": {
          "start": { "line": 232, "column": 46 },
          "end": { "line": 232, "column": 79 }
        },
        "locations": [
          {
            "start": { "line": 232, "column": 46 },
            "end": { "line": 232, "column": 79 }
          }
        ]
      },
      "48": {
        "type": "branch",
        "line": 254,
        "loc": {
          "start": { "line": 254, "column": 4 },
          "end": { "line": 261, "column": 6 }
        },
        "locations": [
          {
            "start": { "line": 254, "column": 4 },
            "end": { "line": 261, "column": 6 }
          }
        ]
      }
    },
    "b": {
      "0": [2],
      "1": [2],
      "2": [4],
      "3": [0],
      "4": [1],
      "5": [3],
      "6": [0],
      "7": [0],
      "8": [0],
      "9": [2],
      "10": [0],
      "11": [2],
      "12": [0],
      "13": [2],
      "14": [4],
      "15": [3],
      "16": [1],
      "17": [2],
      "18": [0],
      "19": [2],
      "20": [1],
      "21": [0],
      "22": [1],
      "23": [0],
      "24": [0],
      "25": [3],
      "26": [2],
      "27": [3],
      "28": [4],
      "29": [1],
      "30": [0],
      "31": [0],
      "32": [0],
      "33": [0],
      "34": [0],
      "35": [0],
      "36": [0],
      "37": [2],
      "38": [1],
      "39": [0],
      "40": [0],
      "41": [0],
      "42": [0],
      "43": [0],
      "44": [0],
      "45": [1],
      "46": [1],
      "47": [1],
      "48": [1]
    },
    "fnMap": {
      "0": {
        "name": "success",
        "decl": {
          "start": { "line": 48, "column": 0 },
          "end": { "line": 53, "column": 1 }
        },
        "loc": {
          "start": { "line": 48, "column": 0 },
          "end": { "line": 53, "column": 1 }
        },
        "line": 48
      },
      "1": {
        "name": "failure",
        "decl": {
          "start": { "line": 55, "column": 0 },
          "end": { "line": 63, "column": 1 }
        },
        "loc": {
          "start": { "line": 55, "column": 0 },
          "end": { "line": 63, "column": 1 }
        },
        "line": 55
      },
      "2": {
        "name": "validateSender",
        "decl": {
          "start": { "line": 65, "column": 0 },
          "end": { "line": 83, "column": 1 }
        },
        "loc": {
          "start": { "line": 65, "column": 0 },
          "end": { "line": 83, "column": 1 }
        },
        "line": 65
      },
      "3": {
        "name": "sanitizePage",
        "decl": {
          "start": { "line": 85, "column": 0 },
          "end": { "line": 90, "column": 1 }
        },
        "loc": {
          "start": { "line": 85, "column": 0 },
          "end": { "line": 90, "column": 1 }
        },
        "line": 85
      },
      "4": {
        "name": "sanitizePageSize",
        "decl": {
          "start": { "line": 92, "column": 0 },
          "end": { "line": 97, "column": 1 }
        },
        "loc": {
          "start": { "line": 92, "column": 0 },
          "end": { "line": 97, "column": 1 }
        },
        "line": 92
      },
      "5": {
        "name": "normalizeSearchRequest",
        "decl": {
          "start": { "line": 99, "column": 0 },
          "end": { "line": 108, "column": 1 }
        },
        "loc": {
          "start": { "line": 99, "column": 0 },
          "end": { "line": 108, "column": 1 }
        },
        "line": 99
      },
      "6": {
        "name": "registerHistorySearchHandlers",
        "decl": {
          "start": { "line": 110, "column": 7 },
          "end": { "line": 182, "column": 1 }
        },
        "loc": {
          "start": { "line": 110, "column": 7 },
          "end": { "line": 182, "column": 1 }
        },
        "line": 110
      },
      "7": {
        "name": "containsIgnoreCase",
        "decl": {
          "start": { "line": 184, "column": 0 },
          "end": { "line": 186, "column": 1 }
        },
        "loc": {
          "start": { "line": 184, "column": 0 },
          "end": { "line": 186, "column": 1 }
        },
        "line": 184
      },
      "8": {
        "name": "createTypeCounter",
        "decl": {
          "start": { "line": 188, "column": 0 },
          "end": { "line": 202, "column": 1 }
        },
        "loc": {
          "start": { "line": 188, "column": 0 },
          "end": { "line": 202, "column": 1 }
        },
        "line": 188
      },
      "9": {
        "name": "createInMemoryHistorySearchService",
        "decl": {
          "start": { "line": 204, "column": 7 },
          "end": { "line": 263, "column": 1 }
        },
        "loc": {
          "start": { "line": 204, "column": 7 },
          "end": { "line": 263, "column": 1 }
        },
        "line": 204
      },
      "10": {
        "name": "search",
        "decl": {
          "start": { "line": 210, "column": 4 },
          "end": { "line": 252, "column": 6 }
        },
        "loc": {
          "start": { "line": 210, "column": 4 },
          "end": { "line": 252, "column": 6 }
        },
        "line": 210
      },
      "11": {
        "name": "getStats",
        "decl": {
          "start": { "line": 254, "column": 4 },
          "end": { "line": 261, "column": 6 }
        },
        "loc": {
          "start": { "line": 254, "column": 4 },
          "end": { "line": 261, "column": 6 }
        },
        "line": 254
      }
    },
    "f": {
      "0": 2,
      "1": 2,
      "2": 4,
      "3": 2,
      "4": 2,
      "5": 2,
      "6": 4,
      "7": 3,
      "8": 2,
      "9": 4,
      "10": 1,
      "11": 1
    }
  },
  "/Users/dm/dev/dev/個人開発/AIWorkflowOrchestrator/.worktrees/task-20260305-182532-wt3/apps/desktop/src/main/ipc/notificationHandlers.ts": {
    "path": "/Users/dm/dev/dev/個人開発/AIWorkflowOrchestrator/.worktrees/task-20260305-182532-wt3/apps/desktop/src/main/ipc/notificationHandlers.ts",
    "all": false,
    "statementMap": {
      "0": {
        "start": { "line": 1, "column": 0 },
        "end": { "line": 1, "column": 80 }
      },
      "47": {
        "start": { "line": 48, "column": 0 },
        "end": { "line": 48, "column": 33 }
      },
      "48": {
        "start": { "line": 49, "column": 0 },
        "end": { "line": 49, "column": 30 }
      },
      "50": {
        "start": { "line": 51, "column": 0 },
        "end": { "line": 51, "column": 53 }
      },
      "51": {
        "start": { "line": 52, "column": 0 },
        "end": { "line": 52, "column": 10 }
      },
      "52": {
        "start": { "line": 53, "column": 0 },
        "end": { "line": 53, "column": 18 }
      },
      "53": {
        "start": { "line": 54, "column": 0 },
        "end": { "line": 54, "column": 9 }
      },
      "54": {
        "start": { "line": 55, "column": 0 },
        "end": { "line": 55, "column": 4 }
      },
      "55": {
        "start": { "line": 56, "column": 0 },
        "end": { "line": 56, "column": 1 }
      },
      "57": {
        "start": { "line": 58, "column": 0 },
        "end": { "line": 58, "column": 70 }
      },
      "58": {
        "start": { "line": 59, "column": 0 },
        "end": { "line": 59, "column": 10 }
      },
      "59": {
        "start": { "line": 60, "column": 0 },
        "end": { "line": 60, "column": 19 }
      },
      "60": {
        "start": { "line": 61, "column": 0 },
        "end": { "line": 61, "column": 12 }
      },
      "61": {
        "start": { "line": 62, "column": 0 },
        "end": { "line": 62, "column": 11 }
      },
      "62": {
        "start": { "line": 63, "column": 0 },
        "end": { "line": 63, "column": 14 }
      },
      "63": {
        "start": { "line": 64, "column": 0 },
        "end": { "line": 64, "column": 6 }
      },
      "64": {
        "start": { "line": 65, "column": 0 },
        "end": { "line": 65, "column": 4 }
      },
      "65": {
        "start": { "line": 66, "column": 0 },
        "end": { "line": 66, "column": 1 }
      },
      "67": {
        "start": { "line": 68, "column": 0 },
        "end": { "line": 68, "column": 24 }
      },
      "68": {
        "start": { "line": 69, "column": 0 },
        "end": { "line": 69, "column": 28 }
      },
      "69": {
        "start": { "line": 70, "column": 0 },
        "end": { "line": 70, "column": 28 }
      },
      "70": {
        "start": { "line": 71, "column": 0 },
        "end": { "line": 71, "column": 12 }
      },
      "71": {
        "start": { "line": 72, "column": 0 },
        "end": { "line": 72, "column": 52 }
      },
      "72": {
        "start": { "line": 73, "column": 0 },
        "end": { "line": 73, "column": 17 }
      },
      "73": {
        "start": { "line": 74, "column": 0 },
        "end": { "line": 74, "column": 3 }
      },
      "75": {
        "start": { "line": 76, "column": 0 },
        "end": { "line": 76, "column": 48 }
      },
      "76": {
        "start": { "line": 77, "column": 0 },
        "end": { "line": 77, "column": 17 }
      },
      "77": {
        "start": { "line": 78, "column": 0 },
        "end": { "line": 78, "column": 3 }
      },
      "79": {
        "start": { "line": 80, "column": 0 },
        "end": { "line": 80, "column": 49 }
      },
      "80": {
        "start": { "line": 81, "column": 0 },
        "end": { "line": 81, "column": 10 }
      },
      "81": {
        "start": { "line": 82, "column": 0 },
        "end": { "line": 82, "column": 38 }
      },
      "82": {
        "start": { "line": 83, "column": 0 },
        "end": { "line": 83, "column": 47 }
      },
      "83": {
        "start": { "line": 84, "column": 0 },
        "end": { "line": 84, "column": 45 }
      },
      "85": {
        "start": { "line": 86, "column": 0 },
        "end": { "line": 86, "column": 1 }
      },
      "87": {
        "start": { "line": 88, "column": 0 },
        "end": { "line": 88, "column": 48 }
      },
      "88": {
        "start": { "line": 89, "column": 0 },
        "end": { "line": 89, "column": 71 }
      },
      "89": {
        "start": { "line": 90, "column": 0 },
        "end": { "line": 90, "column": 33 }
      },
      "90": {
        "start": { "line": 91, "column": 0 },
        "end": { "line": 91, "column": 3 }
      },
      "91": {
        "start": { "line": 92, "column": 0 },
        "end": { "line": 92, "column": 56 }
      },
      "92": {
        "start": { "line": 93, "column": 0 },
        "end": { "line": 93, "column": 1 }
      },
      "94": {
        "start": { "line": 95, "column": 0 },
        "end": { "line": 95, "column": 50 }
      },
      "95": {
        "start": { "line": 96, "column": 0 },
        "end": { "line": 96, "column": 73 }
      },
      "96": {
        "start": { "line": 97, "column": 0 },
        "end": { "line": 97, "column": 13 }
      },
      "97": {
        "start": { "line": 98, "column": 0 },
        "end": { "line": 98, "column": 3 }
      },
      "98": {
        "start": { "line": 99, "column": 0 },
        "end": { "line": 99, "column": 28 }
      },
      "99": {
        "start": { "line": 100, "column": 0 },
        "end": { "line": 100, "column": 1 }
      },
      "101": {
        "start": { "line": 102, "column": 0 },
        "end": { "line": 102, "column": 52 }
      },
      "102": {
        "start": { "line": 103, "column": 0 },
        "end": { "line": 103, "column": 51 }
      },
      "103": {
        "start": { "line": 104, "column": 0 },
        "end": { "line": 104, "column": 51 }
      },
      "104": {
        "start": { "line": 105, "column": 0 },
        "end": { "line": 105, "column": 3 }
      },
      "105": {
        "start": { "line": 106, "column": 0 },
        "end": { "line": 106, "column": 12 }
      },
      "106": {
        "start": { "line": 107, "column": 0 },
        "end": { "line": 107, "column": 1 }
      },
      "108": {
        "start": { "line": 109, "column": 0 },
        "end": { "line": 109, "column": 36 }
      },
      "109": {
        "start": { "line": 110, "column": 0 },
        "end": { "line": 110, "column": 39 }
      },
      "110": {
        "start": { "line": 111, "column": 0 },
        "end": { "line": 111, "column": 21 }
      },
      "111": {
        "start": { "line": 112, "column": 0 },
        "end": { "line": 112, "column": 34 }
      },
      "112": {
        "start": { "line": 113, "column": 0 },
        "end": { "line": 113, "column": 16 }
      },
      "113": {
        "start": { "line": 114, "column": 0 },
        "end": { "line": 114, "column": 3 }
      },
      "114": {
        "start": { "line": 115, "column": 0 },
        "end": { "line": 115, "column": 35 }
      },
      "115": {
        "start": { "line": 116, "column": 0 },
        "end": { "line": 116, "column": 1 }
      },
      "117": {
        "start": { "line": 118, "column": 0 },
        "end": { "line": 118, "column": 45 }
      },
      "118": {
        "start": { "line": 119, "column": 0 },
        "end": { "line": 119, "column": 28 }
      },
      "119": {
        "start": { "line": 120, "column": 0 },
        "end": { "line": 120, "column": 31 }
      },
      "120": {
        "start": { "line": 121, "column": 0 },
        "end": { "line": 121, "column": 39 }
      },
      "121": {
        "start": { "line": 122, "column": 0 },
        "end": { "line": 122, "column": 9 }
      },
      "122": {
        "start": { "line": 123, "column": 0 },
        "end": { "line": 123, "column": 17 }
      },
      "123": {
        "start": { "line": 124, "column": 0 },
        "end": { "line": 124, "column": 42 }
      },
      "124": {
        "start": { "line": 125, "column": 0 },
        "end": { "line": 125, "column": 11 }
      },
      "125": {
        "start": { "line": 126, "column": 0 },
        "end": { "line": 126, "column": 32 }
      },
      "126": {
        "start": { "line": 127, "column": 0 },
        "end": { "line": 127, "column": 46 }
      },
      "127": {
        "start": { "line": 128, "column": 0 },
        "end": { "line": 128, "column": 66 }
      },
      "128": {
        "start": { "line": 129, "column": 0 },
        "end": { "line": 129, "column": 47 }
      },
      "129": {
        "start": { "line": 130, "column": 0 },
        "end": { "line": 130, "column": 67 }
      },
      "130": {
        "start": { "line": 131, "column": 0 },
        "end": { "line": 131, "column": 7 }
      },
      "132": {
        "start": { "line": 133, "column": 0 },
        "end": { "line": 133, "column": 50 }
      },
      "133": {
        "start": { "line": 134, "column": 0 },
        "end": { "line": 134, "column": 53 }
      },
      "135": {
        "start": { "line": 136, "column": 0 },
        "end": { "line": 136, "column": 11 }
      },
      "136": {
        "start": { "line": 137, "column": 0 },
        "end": { "line": 137, "column": 67 }
      },
      "137": {
        "start": { "line": 138, "column": 0 },
        "end": { "line": 138, "column": 31 }
      },
      "138": {
        "start": { "line": 139, "column": 0 },
        "end": { "line": 139, "column": 23 }
      },
      "139": {
        "start": { "line": 140, "column": 0 },
        "end": { "line": 140, "column": 23 }
      },
      "140": {
        "start": { "line": 141, "column": 0 },
        "end": { "line": 141, "column": 81 }
      },
      "141": {
        "start": { "line": 142, "column": 0 },
        "end": { "line": 142, "column": 50 }
      },
      "142": {
        "start": { "line": 143, "column": 0 },
        "end": { "line": 143, "column": 7 }
      },
      "143": {
        "start": { "line": 144, "column": 0 },
        "end": { "line": 144, "column": 6 }
      },
      "144": {
        "start": { "line": 145, "column": 0 },
        "end": { "line": 145, "column": 4 }
      },
      "146": {
        "start": { "line": 147, "column": 0 },
        "end": { "line": 147, "column": 17 }
      },
      "147": {
        "start": { "line": 148, "column": 0 },
        "end": { "line": 148, "column": 40 }
      },
      "148": {
        "start": { "line": 149, "column": 0 },
        "end": { "line": 149, "column": 11 }
      },
      "149": {
        "start": { "line": 150, "column": 0 },
        "end": { "line": 150, "column": 32 }
      },
      "150": {
        "start": { "line": 151, "column": 0 },
        "end": { "line": 151, "column": 32 }
      },
      "151": {
        "start": { "line": 152, "column": 0 },
        "end": { "line": 152, "column": 67 }
      },
      "152": {
        "start": { "line": 153, "column": 0 },
        "end": { "line": 153, "column": 47 }
      },
      "153": {
        "start": { "line": 154, "column": 0 },
        "end": { "line": 154, "column": 67 }
      },
      "154": {
        "start": { "line": 155, "column": 0 },
        "end": { "line": 155, "column": 7 }
      },
      "156": {
        "start": { "line": 157, "column": 0 },
        "end": { "line": 157, "column": 51 }
      },
      "157": {
        "start": { "line": 158, "column": 0 },
        "end": { "line": 158, "column": 67 }
      },
      "158": {
        "start": { "line": 159, "column": 0 },
        "end": { "line": 159, "column": 7 }
      },
      "160": {
        "start": { "line": 161, "column": 0 },
        "end": { "line": 161, "column": 11 }
      },
      "161": {
        "start": { "line": 162, "column": 0 },
        "end": { "line": 162, "column": 53 }
      },
      "162": {
        "start": { "line": 163, "column": 0 },
        "end": { "line": 163, "column": 50 }
      },
      "163": {
        "start": { "line": 164, "column": 0 },
        "end": { "line": 164, "column": 31 }
      },
      "164": {
        "start": { "line": 165, "column": 0 },
        "end": { "line": 165, "column": 23 }
      },
      "165": {
        "start": { "line": 166, "column": 0 },
        "end": { "line": 166, "column": 23 }
      },
      "166": {
        "start": { "line": 167, "column": 0 },
        "end": { "line": 167, "column": 83 }
      },
      "167": {
        "start": { "line": 168, "column": 0 },
        "end": { "line": 168, "column": 49 }
      },
      "168": {
        "start": { "line": 169, "column": 0 },
        "end": { "line": 169, "column": 30 }
      },
      "169": {
        "start": { "line": 170, "column": 0 },
        "end": { "line": 170, "column": 29 }
      },
      "170": {
        "start": { "line": 171, "column": 0 },
        "end": { "line": 171, "column": 38 }
      },
      "171": {
        "start": { "line": 172, "column": 0 },
        "end": { "line": 172, "column": 7 }
      },
      "172": {
        "start": { "line": 173, "column": 0 },
        "end": { "line": 173, "column": 6 }
      },
      "173": {
        "start": { "line": 174, "column": 0 },
        "end": { "line": 174, "column": 4 }
      },
      "175": {
        "start": { "line": 176, "column": 0 },
        "end": { "line": 176, "column": 17 }
      },
      "176": {
        "start": { "line": 177, "column": 0 },
        "end": { "line": 177, "column": 44 }
      },
      "177": {
        "start": { "line": 178, "column": 0 },
        "end": { "line": 178, "column": 11 }
      },
      "178": {
        "start": { "line": 179, "column": 0 },
        "end": { "line": 179, "column": 32 }
      },
      "179": {
        "start": { "line": 180, "column": 0 },
        "end": { "line": 180, "column": 67 }
      },
      "180": {
        "start": { "line": 181, "column": 0 },
        "end": { "line": 181, "column": 47 }
      },
      "181": {
        "start": { "line": 182, "column": 0 },
        "end": { "line": 182, "column": 67 }
      },
      "182": {
        "start": { "line": 183, "column": 0 },
        "end": { "line": 183, "column": 7 }
      },
      "184": {
        "start": { "line": 185, "column": 0 },
        "end": { "line": 185, "column": 51 }
      },
      "185": {
        "start": { "line": 186, "column": 0 },
        "end": { "line": 186, "column": 67 }
      },
      "186": {
        "start": { "line": 187, "column": 0 },
        "end": { "line": 187, "column": 7 }
      },
      "188": {
        "start": { "line": 189, "column": 0 },
        "end": { "line": 189, "column": 11 }
      },
      "189": {
        "start": { "line": 190, "column": 0 },
        "end": { "line": 190, "column": 51 }
      },
      "190": {
        "start": { "line": 191, "column": 0 },
        "end": { "line": 191, "column": 31 }
      },
      "191": {
        "start": { "line": 192, "column": 0 },
        "end": { "line": 192, "column": 23 }
      },
      "192": {
        "start": { "line": 193, "column": 0 },
        "end": { "line": 193, "column": 23 }
      },
      "193": {
        "start": { "line": 194, "column": 0 },
        "end": { "line": 194, "column": 32 }
      },
      "194": {
        "start": { "line": 195, "column": 0 },
        "end": { "line": 195, "column": 27 }
      },
      "195": {
        "start": { "line": 196, "column": 0 },
        "end": { "line": 196, "column": 57 }
      },
      "196": {
        "start": { "line": 197, "column": 0 },
        "end": { "line": 197, "column": 50 }
      },
      "197": {
        "start": { "line": 198, "column": 0 },
        "end": { "line": 198, "column": 7 }
      },
      "198": {
        "start": { "line": 199, "column": 0 },
        "end": { "line": 199, "column": 6 }
      },
      "199": {
        "start": { "line": 200, "column": 0 },
        "end": { "line": 200, "column": 4 }
      },
      "201": {
        "start": { "line": 202, "column": 0 },
        "end": { "line": 202, "column": 17 }
      },
      "202": {
        "start": { "line": 203, "column": 0 },
        "end": { "line": 203, "column": 36 }
      },
      "203": {
        "start": { "line": 204, "column": 0 },
        "end": { "line": 204, "column": 11 }
      },
      "204": {
        "start": { "line": 205, "column": 0 },
        "end": { "line": 205, "column": 32 }
      },
      "205": {
        "start": { "line": 206, "column": 0 },
        "end": { "line": 206, "column": 39 }
      },
      "206": {
        "start": { "line": 207, "column": 0 },
        "end": { "line": 207, "column": 67 }
      },
      "207": {
        "start": { "line": 208, "column": 0 },
        "end": { "line": 208, "column": 47 }
      },
      "208": {
        "start": { "line": 209, "column": 0 },
        "end": { "line": 209, "column": 67 }
      },
      "209": {
        "start": { "line": 210, "column": 0 },
        "end": { "line": 210, "column": 7 }
      },
      "211": {
        "start": { "line": 212, "column": 0 },
        "end": { "line": 212, "column": 51 }
      },
      "212": {
        "start": { "line": 213, "column": 0 },
        "end": { "line": 213, "column": 67 }
      },
      "213": {
        "start": { "line": 214, "column": 0 },
        "end": { "line": 214, "column": 7 }
      },
      "215": {
        "start": { "line": 216, "column": 0 },
        "end": { "line": 216, "column": 11 }
      },
      "216": {
        "start": { "line": 217, "column": 0 },
        "end": { "line": 217, "column": 44 }
      },
      "217": {
        "start": { "line": 218, "column": 0 },
        "end": { "line": 218, "column": 47 }
      },
      "218": {
        "start": { "line": 219, "column": 0 },
        "end": { "line": 219, "column": 11 }
      },
      "219": {
        "start": { "line": 220, "column": 0 },
        "end": { "line": 220, "column": 31 }
      },
      "220": {
        "start": { "line": 221, "column": 0 },
        "end": { "line": 221, "column": 23 }
      },
      "221": {
        "start": { "line": 222, "column": 0 },
        "end": { "line": 222, "column": 23 }
      },
      "222": {
        "start": { "line": 223, "column": 0 },
        "end": { "line": 223, "column": 83 }
      },
      "223": {
        "start": { "line": 224, "column": 0 },
        "end": { "line": 224, "column": 50 }
      },
      "224": {
        "start": { "line": 225, "column": 0 },
        "end": { "line": 225, "column": 7 }
      },
      "225": {
        "start": { "line": 226, "column": 0 },
        "end": { "line": 226, "column": 6 }
      },
      "226": {
        "start": { "line": 227, "column": 0 },
        "end": { "line": 227, "column": 4 }
      },
      "227": {
        "start": { "line": 228, "column": 0 },
        "end": { "line": 228, "column": 1 }
      },
      "229": {
        "start": { "line": 230, "column": 0 },
        "end": { "line": 230, "column": 41 }
      },
      "230": {
        "start": { "line": 231, "column": 0 },
        "end": { "line": 231, "column": 35 }
      },
      "231": {
        "start": { "line": 232, "column": 0 },
        "end": { "line": 232, "column": 43 }
      },
      "232": {
        "start": { "line": 233, "column": 0 },
        "end": { "line": 233, "column": 1 }
      },
      "234": {
        "start": { "line": 235, "column": 0 },
        "end": { "line": 235, "column": 50 }
      },
      "235": {
        "start": { "line": 236, "column": 0 },
        "end": { "line": 236, "column": 39 }
      },
      "236": {
        "start": { "line": 237, "column": 0 },
        "end": { "line": 237, "column": 24 }
      },
      "237": {
        "start": { "line": 238, "column": 0 },
        "end": { "line": 238, "column": 37 }
      },
      "238": {
        "start": { "line": 239, "column": 0 },
        "end": { "line": 239, "column": 72 }
      },
      "239": {
        "start": { "line": 240, "column": 0 },
        "end": { "line": 240, "column": 4 }
      },
      "241": {
        "start": { "line": 242, "column": 0 },
        "end": { "line": 242, "column": 10 }
      },
      "242": {
        "start": { "line": 243, "column": 0 },
        "end": { "line": 243, "column": 41 }
      },
      "243": {
        "start": { "line": 244, "column": 0 },
        "end": { "line": 244, "column": 65 }
      },
      "244": {
        "start": { "line": 245, "column": 0 },
        "end": { "line": 245, "column": 14 }
      },
      "245": {
        "start": { "line": 246, "column": 0 },
        "end": { "line": 246, "column": 30 }
      },
      "246": {
        "start": { "line": 247, "column": 0 },
        "end": { "line": 247, "column": 41 }
      },
      "247": {
        "start": { "line": 248, "column": 0 },
        "end": { "line": 248, "column": 8 }
      },
      "248": {
        "start": { "line": 249, "column": 0 },
        "end": { "line": 249, "column": 6 }
      },
      "250": {
        "start": { "line": 251, "column": 0 },
        "end": { "line": 251, "column": 24 }
      },
      "251": {
        "start": { "line": 252, "column": 0 },
        "end": { "line": 252, "column": 27 }
      },
      "252": {
        "start": { "line": 253, "column": 0 },
        "end": { "line": 253, "column": 59 }
      },
      "253": {
        "start": { "line": 254, "column": 0 },
        "end": { "line": 254, "column": 69 }
      },
      "254": {
        "start": { "line": 255, "column": 0 },
        "end": { "line": 255, "column": 30 }
      },
      "255": {
        "start": { "line": 256, "column": 0 },
        "end": { "line": 256, "column": 9 }
      },
      "256": {
        "start": { "line": 257, "column": 0 },
        "end": { "line": 257, "column": 26 }
      },
      "257": {
        "start": { "line": 258, "column": 0 },
        "end": { "line": 258, "column": 16 }
      },
      "258": {
        "start": { "line": 259, "column": 0 },
        "end": { "line": 259, "column": 26 }
      },
      "259": {
        "start": { "line": 260, "column": 0 },
        "end": { "line": 260, "column": 43 }
      },
      "260": {
        "start": { "line": 261, "column": 0 },
        "end": { "line": 261, "column": 10 }
      },
      "261": {
        "start": { "line": 262, "column": 0 },
        "end": { "line": 262, "column": 9 }
      },
      "263": {
        "start": { "line": 264, "column": 0 },
        "end": { "line": 264, "column": 30 }
      },
      "264": {
        "start": { "line": 265, "column": 0 },
        "end": { "line": 265, "column": 6 }
      },
      "266": {
        "start": { "line": 267, "column": 0 },
        "end": { "line": 267, "column": 25 }
      },
      "267": {
        "start": { "line": 268, "column": 0 },
        "end": { "line": 268, "column": 27 }
      },
      "268": {
        "start": { "line": 269, "column": 0 },
        "end": { "line": 269, "column": 59 }
      },
      "269": {
        "start": { "line": 270, "column": 0 },
        "end": { "line": 270, "column": 43 }
      },
      "270": {
        "start": { "line": 271, "column": 0 },
        "end": { "line": 271, "column": 30 }
      },
      "271": {
        "start": { "line": 272, "column": 0 },
        "end": { "line": 272, "column": 9 }
      },
      "272": {
        "start": { "line": 273, "column": 0 },
        "end": { "line": 273, "column": 26 }
      },
      "273": {
        "start": { "line": 274, "column": 0 },
        "end": { "line": 274, "column": 16 }
      },
      "274": {
        "start": { "line": 275, "column": 0 },
        "end": { "line": 275, "column": 26 }
      },
      "275": {
        "start": { "line": 276, "column": 0 },
        "end": { "line": 276, "column": 43 }
      },
      "276": {
        "start": { "line": 277, "column": 0 },
        "end": { "line": 277, "column": 10 }
      },
      "277": {
        "start": { "line": 278, "column": 0 },
        "end": { "line": 278, "column": 9 }
      },
      "278": {
        "start": { "line": 279, "column": 0 },
        "end": { "line": 279, "column": 30 }
      },
      "279": {
        "start": { "line": 280, "column": 0 },
        "end": { "line": 280, "column": 6 }
      },
      "281": {
        "start": { "line": 282, "column": 0 },
        "end": { "line": 282, "column": 31 }
      },
      "282": {
        "start": { "line": 283, "column": 0 },
        "end": { "line": 283, "column": 22 }
      },
      "283": {
        "start": { "line": 284, "column": 0 },
        "end": { "line": 284, "column": 50 }
      },
      "284": {
        "start": { "line": 285, "column": 0 },
        "end": { "line": 285, "column": 27 }
      },
      "285": {
        "start": { "line": 286, "column": 0 },
        "end": { "line": 286, "column": 32 }
      },
      "286": {
        "start": { "line": 287, "column": 0 },
        "end": { "line": 287, "column": 7 }
      },
      "288": {
        "start": { "line": 289, "column": 0 },
        "end": { "line": 289, "column": 90 }
      },
      "289": {
        "start": { "line": 290, "column": 0 },
        "end": { "line": 290, "column": 64 }
      },
      "290": {
        "start": { "line": 291, "column": 0 },
        "end": { "line": 291, "column": 29 }
      },
      "291": {
        "start": { "line": 292, "column": 0 },
        "end": { "line": 292, "column": 30 }
      },
      "292": {
        "start": { "line": 293, "column": 0 },
        "end": { "line": 293, "column": 6 }
      },
      "293": {
        "start": { "line": 294, "column": 0 },
        "end": { "line": 294, "column": 4 }
      },
      "294": {
        "start": { "line": 295, "column": 0 },
        "end": { "line": 295, "column": 1 }
      },
      "296": {
        "start": { "line": 297, "column": 0 },
        "end": { "line": 297, "column": 33 }
      },
      "297": {
        "start": { "line": 298, "column": 0 },
        "end": { "line": 298, "column": 28 }
      },
      "298": {
        "start": { "line": 299, "column": 0 },
        "end": { "line": 299, "column": 40 }
      },
      "299": {
        "start": { "line": 300, "column": 0 },
        "end": { "line": 300, "column": 9 }
      },
      "300": {
        "start": { "line": 301, "column": 0 },
        "end": { "line": 301, "column": 33 }
      },
      "301": {
        "start": { "line": 302, "column": 0 },
        "end": { "line": 302, "column": 11 }
      },
      "302": {
        "start": { "line": 303, "column": 0 },
        "end": { "line": 303, "column": 3 }
      },
      "303": {
        "start": { "line": 304, "column": 0 },
        "end": { "line": 304, "column": 75 }
      },
      "304": {
        "start": { "line": 305, "column": 0 },
        "end": { "line": 305, "column": 1 }
      }
    },
    "s": {
      "0": 1,
      "47": 1,
      "48": 1,
      "50": 3,
      "51": 3,
      "52": 3,
      "53": 3,
      "54": 3,
      "55": 3,
      "57": 3,
      "58": 3,
      "59": 3,
      "60": 3,
      "61": 3,
      "62": 3,
      "63": 3,
      "64": 3,
      "65": 3,
      "67": 6,
      "68": 6,
      "69": 6,
      "70": 6,
      "71": 6,
      "72": 0,
      "73": 0,
      "75": 6,
      "76": 1,
      "77": 1,
      "79": 6,
      "80": 6,
      "81": 6,
      "82": 0,
      "83": 0,
      "85": 6,
      "87": 2,
      "88": 2,
      "89": 0,
      "90": 0,
      "91": 2,
      "92": 2,
      "94": 2,
      "95": 2,
      "96": 0,
      "97": 0,
      "98": 2,
      "99": 2,
      "101": 1,
      "102": 1,
      "103": 1,
      "104": 1,
      "105": 0,
      "106": 0,
      "108": 3,
      "109": 3,
      "110": 3,
      "111": 3,
      "112": 2,
      "113": 2,
      "114": 1,
      "115": 1,
      "117": 1,
      "118": 5,
      "119": 5,
      "120": 5,
      "121": 5,
      "122": 5,
      "123": 5,
      "124": 5,
      "125": 3,
      "126": 3,
      "127": 3,
      "128": 3,
      "129": 1,
      "130": 1,
      "132": 3,
      "133": 3,
      "135": 3,
      "136": 3,
      "137": 2,
      "138": 3,
      "139": 0,
      "140": 0,
      "141": 0,
      "142": 0,
      "143": 3,
      "144": 5,
      "146": 5,
      "147": 5,
      "148": 5,
      "149": 2,
      "150": 2,
      "151": 2,
      "152": 2,
      "153": 0,
      "154": 0,
      "156": 2,
      "157": 1,
      "158": 1,
      "160": 1,
      "161": 2,
      "162": 2,
      "163": 0,
      "164": 2,
      "165": 1,
      "166": 1,
      "167": 1,
      "168": 1,
      "169": 0,
      "170": 1,
      "171": 1,
      "172": 2,
      "173": 5,
      "175": 5,
      "176": 5,
      "177": 5,
      "178": 0,
      "179": 0,
      "180": 0,
      "181": 0,
      "182": 0,
      "184": 0,
      "185": 0,
      "186": 0,
      "188": 0,
      "189": 0,
      "190": 0,
      "191": 0,
      "192": 0,
      "193": 0,
      "194": 0,
      "195": 0,
      "196": 0,
      "197": 0,
      "198": 0,
      "199": 5,
      "201": 5,
      "202": 5,
      "203": 5,
      "204": 1,
      "205": 1,
      "206": 1,
      "207": 1,
      "208": 0,
      "209": 0,
      "211": 1,
      "212": 0,
      "213": 0,
      "215": 1,
      "216": 1,
      "217": 1,
      "218": 1,
      "219": 1,
      "220": 1,
      "221": 0,
      "222": 0,
      "223": 0,
      "224": 0,
      "225": 1,
      "226": 5,
      "227": 5,
      "229": 2,
      "230": 2,
      "231": 2,
      "232": 2,
      "234": 1,
      "235": 5,
      "236": 5,
      "237": 5,
      "238": 5,
      "239": 5,
      "241": 5,
      "242": 5,
      "243": 2,
      "244": 2,
      "245": 2,
      "246": 2,
      "247": 2,
      "248": 2,
      "250": 5,
      "251": 0,
      "252": 0,
      "253": 0,
      "254": 0,
      "255": 0,
      "256": 0,
      "257": 0,
      "258": 0,
      "259": 0,
      "260": 0,
      "261": 0,
      "263": 0,
      "264": 0,
      "266": 5,
      "267": 0,
      "268": 0,
      "269": 0,
      "270": 0,
      "271": 0,
      "272": 0,
      "273": 0,
      "274": 0,
      "275": 0,
      "276": 0,
      "277": 0,
      "278": 0,
      "279": 0,
      "281": 5,
      "282": 1,
      "283": 0,
      "284": 0,
      "285": 0,
      "286": 0,
      "288": 1,
      "289": 1,
      "290": 1,
      "291": 1,
      "292": 1,
      "293": 5,
      "294": 5,
      "296": 1,
      "297": 0,
      "298": 0,
      "299": 0,
      "300": 0,
      "301": 0,
      "302": 0,
      "303": 0,
      "304": 0
    },
    "branchMap": {
      "0": {
        "type": "branch",
        "line": 51,
        "loc": {
          "start": { "line": 51, "column": 0 },
          "end": { "line": 56, "column": 1 }
        },
        "locations": [
          {
            "start": { "line": 51, "column": 0 },
            "end": { "line": 56, "column": 1 }
          }
        ]
      },
      "1": {
        "type": "branch",
        "line": 58,
        "loc": {
          "start": { "line": 58, "column": 0 },
          "end": { "line": 66, "column": 1 }
        },
        "locations": [
          {
            "start": { "line": 58, "column": 0 },
            "end": { "line": 66, "column": 1 }
          }
        ]
      },
      "2": {
        "type": "branch",
        "line": 68,
        "loc": {
          "start": { "line": 68, "column": 0 },
          "end": { "line": 86, "column": 1 }
        },
        "locations": [
          {
            "start": { "line": 68, "column": 0 },
            "end": { "line": 86, "column": 1 }
          }
        ]
      },
      "3": {
        "type": "branch",
        "line": 72,
        "loc": {
          "start": { "line": 72, "column": 51 },
          "end": { "line": 74, "column": 3 }
        },
        "locations": [
          {
            "start": { "line": 72, "column": 51 },
            "end": { "line": 74, "column": 3 }
          }
        ]
      },
      "4": {
        "type": "branch",
        "line": 76,
        "loc": {
          "start": { "line": 76, "column": 47 },
          "end": { "line": 78, "column": 3 }
        },
        "locations": [
          {
            "start": { "line": 76, "column": 47 },
            "end": { "line": 78, "column": 3 }
          }
        ]
      },
      "5": {
        "type": "branch",
        "line": 78,
        "loc": {
          "start": { "line": 78, "column": 2 },
          "end": { "line": 80, "column": 46 }
        },
        "locations": [
          {
            "start": { "line": 78, "column": 2 },
            "end": { "line": 80, "column": 46 }
          }
        ]
      },
      "6": {
        "type": "branch",
        "line": 80,
        "loc": {
          "start": { "line": 80, "column": 39 },
          "end": { "line": 80, "column": 49 }
        },
        "locations": [
          {
            "start": { "line": 80, "column": 39 },
            "end": { "line": 80, "column": 49 }
          }
        ]
      },
      "7": {
        "type": "branch",
        "line": 82,
        "loc": {
          "start": { "line": 82, "column": 34 },
          "end": { "line": 83, "column": 47 }
        },
        "locations": [
          {
            "start": { "line": 82, "column": 34 },
            "end": { "line": 83, "column": 47 }
          }
        ]
      },
      "8": {
        "type": "branch",
        "line": 83,
        "loc": {
          "start": { "line": 83, "column": 43 },
          "end": { "line": 84, "column": 45 }
        },
        "locations": [
          {
            "start": { "line": 83, "column": 43 },
            "end": { "line": 84, "column": 45 }
          }
        ]
      },
      "9": {
        "type": "branch",
        "line": 88,
        "loc": {
          "start": { "line": 88, "column": 0 },
          "end": { "line": 93, "column": 1 }
        },
        "locations": [
          {
            "start": { "line": 88, "column": 0 },
            "end": { "line": 93, "column": 1 }
          }
        ]
      },
      "10": {
        "type": "branch",
        "line": 89,
        "loc": {
          "start": { "line": 89, "column": 70 },
          "end": { "line": 91, "column": 3 }
        },
        "locations": [
          {
            "start": { "line": 89, "column": 70 },
            "end": { "line": 91, "column": 3 }
          }
        ]
      },
      "11": {
        "type": "branch",
        "line": 95,
        "loc": {
          "start": { "line": 95, "column": 0 },
          "end": { "line": 100, "column": 1 }
        },
        "locations": [
          {
            "start": { "line": 95, "column": 0 },
            "end": { "line": 100, "column": 1 }
          }
        ]
      },
      "12": {
        "type": "branch",
        "line": 96,
[...]
      },
      "175": {
        "start": { "line": 176, "column": 0 },
        "end": { "line": 176, "column": 29 }
      },
      "176": {
        "start": { "line": 177, "column": 0 },
        "end": { "line": 177, "column": 49 }
      },
      "177": {
        "start": { "line": 178, "column": 0 },
        "end": { "line": 178, "column": 7 }
      },
      "178": {
        "start": { "line": 179, "column": 0 },
        "end": { "line": 179, "column": 4 }
      },
      "180": {
        "start": { "line": 181, "column": 0 },
        "end": { "line": 181, "column": 36 }
      },
      "181": {
        "start": { "line": 182, "column": 0 },
        "end": { "line": 182, "column": 28 }
      },
      "182": {
        "start": { "line": 183, "column": 0 },
        "end": { "line": 183, "column": 52 }
      },
      "183": {
        "start": { "line": 184, "column": 0 },
        "end": { "line": 184, "column": 55 }
      },
      "184": {
        "start": { "line": 185, "column": 0 },
        "end": { "line": 185, "column": 8 }
      },
      "185": {
        "start": { "line": 186, "column": 0 },
        "end": { "line": 186, "column": 11 }
      },
      "186": {
        "start": { "line": 187, "column": 0 },
        "end": { "line": 187, "column": 34 }
      },
      "187": {
        "start": { "line": 188, "column": 0 },
        "end": { "line": 188, "column": 39 }
      },
      "188": {
        "start": { "line": 189, "column": 0 },
        "end": { "line": 189, "column": 9 }
      },
      "189": {
        "start": { "line": 190, "column": 0 },
        "end": { "line": 190, "column": 13 }
      },
      "190": {
        "start": { "line": 191, "column": 0 },
        "end": { "line": 191, "column": 5 }
      },
      "192": {
        "start": { "line": 193, "column": 0 },
        "end": { "line": 193, "column": 9 }
      },
      "193": {
        "start": { "line": 194, "column": 0 },
        "end": { "line": 194, "column": 24 }
      },
      "194": {
        "start": { "line": 195, "column": 0 },
        "end": { "line": 195, "column": 21 }
      },
      "195": {
        "start": { "line": 196, "column": 0 },
        "end": { "line": 196, "column": 7 }
      },
      "196": {
        "start": { "line": 197, "column": 0 },
        "end": { "line": 197, "column": 4 }
      },
      "198": {
        "start": { "line": 199, "column": 0 },
        "end": { "line": 199, "column": 32 }
      },
      "199": {
        "start": { "line": 200, "column": 0 },
        "end": { "line": 200, "column": 34 }
      },
      "200": {
        "start": { "line": 201, "column": 0 },
        "end": { "line": 201, "column": 4 }
      },
      "202": {
        "start": { "line": 203, "column": 0 },
        "end": { "line": 203, "column": 31 }
      },
      "203": {
        "start": { "line": 204, "column": 0 },
        "end": { "line": 204, "column": 35 }
      },
      "204": {
        "start": { "line": 205, "column": 0 },
        "end": { "line": 205, "column": 4 }
      },
      "206": {
        "start": { "line": 207, "column": 0 },
        "end": { "line": 207, "column": 35 }
      },
      "207": {
        "start": { "line": 208, "column": 0 },
        "end": { "line": 208, "column": 50 }
      },
      "208": {
        "start": { "line": 209, "column": 0 },
        "end": { "line": 209, "column": 33 }
      },
      "209": {
        "start": { "line": 210, "column": 0 },
        "end": { "line": 210, "column": 27 }
      },
      "210": {
        "start": { "line": 211, "column": 0 },
        "end": { "line": 211, "column": 5 }
      },
      "211": {
        "start": { "line": 212, "column": 0 },
        "end": { "line": 212, "column": 32 }
      },
      "212": {
        "start": { "line": 213, "column": 0 },
        "end": { "line": 213, "column": 59 }
      },
      "213": {
        "start": { "line": 214, "column": 0 },
        "end": { "line": 214, "column": 6 }
      },
      "214": {
        "start": { "line": 215, "column": 0 },
        "end": { "line": 215, "column": 4 }
      },
      "215": {
        "start": { "line": 216, "column": 0 },
        "end": { "line": 216, "column": 3 }
      }
    },
    "s": {
      "2": 1,
      "59": 31672,
      "60": 31672,
      "61": 31672,
      "62": 31672,
      "64": 209,
      "65": 209,
      "66": 209,
      "67": 209,
      "68": 209,
      "70": 210,
      "71": 210,
      "72": 210,
      "73": 210,
      "75": 209,
      "76": 209,
      "77": 209,
      "78": 209,
      "80": 209,
      "81": 2,
      "82": 2,
      "84": 2,
      "85": 202,
      "86": 202,
      "87": 1,
      "88": 1,
      "89": 1,
      "90": 1,
      "91": 1,
      "92": 1,
      "93": 202,
      "95": 2,
      "96": 1,
      "97": 1,
      "98": 101,
      "99": 101,
      "100": 101,
      "101": 101,
      "102": 101,
      "103": 101,
      "104": 1,
      "106": 2,
      "107": 2,
      "109": 209,
      "110": 209,
      "112": 1,
      "117": 1,
      "118": 7,
      "119": 7,
      "120": 7,
      "121": 7,
      "123": 7,
      "124": 0,
      "125": 0,
      "126": 0,
      "127": 0,
      "128": 0,
      "129": 0,
      "131": 7,
      "132": 209,
      "133": 209,
      "134": 209,
      "135": 209,
      "137": 209,
      "138": 209,
      "139": 209,
      "140": 209,
      "141": 209,
      "143": 7,
      "144": 1,
      "145": 1,
      "146": 1,
      "147": 0,
      "148": 0,
      "149": 1,
      "150": 1,
      "152": 1,
      "153": 1,
      "154": 1,
      "155": 1,
      "156": 1,
      "158": 7,
      "159": 1,
      "160": 1,
      "161": 2,
      "162": 1,
      "164": 1,
      "165": 1,
      "166": 1,
      "167": 1,
      "168": 1,
      "170": 7,
      "171": 0,
      "172": 0,
      "173": 0,
      "174": 0,
      "175": 0,
      "176": 0,
      "177": 0,
      "178": 0,
      "180": 7,
      "181": 1,
      "182": 1,
      "183": 1,
      "184": 1,
      "185": 1,
      "186": 1,
      "187": 1,
      "188": 1,
      "189": 1,
      "190": 1,
      "192": 0,
      "193": 0,
      "194": 0,
      "195": 0,
      "196": 1,
      "198": 7,
      "199": 0,
      "200": 0,
      "202": 7,
      "203": 0,
      "204": 0,
      "206": 7,
      "207": 0,
      "208": 0,
      "209": 0,
      "210": 0,
      "211": 0,
      "212": 0,
      "213": 0,
      "214": 0,
      "215": 7
    },
    "branchMap": {
      "0": {
        "type": "branch",
        "line": 60,
        "loc": {
          "start": { "line": 60, "column": 0 },
          "end": { "line": 63, "column": 1 }
        },
        "locations": [
          {
            "start": { "line": 60, "column": 0 },
            "end": { "line": 63, "column": 1 }
          }
        ]
      },
      "1": {
        "type": "branch",
        "line": 62,
        "loc": {
          "start": { "line": 62, "column": 28 },
          "end": { "line": 62, "column": 36 }
        },
        "locations": [
          {
            "start": { "line": 62, "column": 28 },
            "end": { "line": 62, "column": 36 }
          }
        ]
      },
      "2": {
        "type": "branch",
        "line": 65,
        "loc": {
          "start": { "line": 65, "column": 0 },
          "end": { "line": 69, "column": 1 }
        },
        "locations": [
          {
            "start": { "line": 65, "column": 0 },
            "end": { "line": 69, "column": 1 }
          }
        ]
      },
      "3": {
        "type": "branch",
        "line": 67,
        "loc": {
          "start": { "line": 67, "column": 4 },
          "end": { "line": 67, "column": 72 }
        },
        "locations": [
          {
            "start": { "line": 67, "column": 4 },
            "end": { "line": 67, "column": 72 }
          }
        ]
      },
      "4": {
        "type": "branch",
        "line": 71,
        "loc": {
          "start": { "line": 71, "column": 0 },
          "end": { "line": 74, "column": 1 }
        },
        "locations": [
          {
            "start": { "line": 71, "column": 0 },
            "end": { "line": 74, "column": 1 }
          }
        ]
      },
      "5": {
        "type": "branch",
        "line": 72,
        "loc": {
          "start": { "line": 72, "column": 30 },
          "end": { "line": 72, "column": 76 }
        },
        "locations": [
          {
            "start": { "line": 72, "column": 30 },
            "end": { "line": 72, "column": 76 }
          }
        ]
      },
      "6": {
        "type": "branch",
        "line": 76,
        "loc": {
          "start": { "line": 76, "column": 0 },
          "end": { "line": 111, "column": 1 }
        },
        "locations": [
          {
            "start": { "line": 76, "column": 0 },
            "end": { "line": 111, "column": 1 }
          }
        ]
      },
      "7": {
        "type": "branch",
        "line": 81,
        "loc": {
          "start": { "line": 81, "column": 55 },
          "end": { "line": 108, "column": 3 }
        },
        "locations": [
          {
            "start": { "line": 81, "column": 55 },
            "end": { "line": 108, "column": 3 }
          }
        ]
      },
      "8": {
        "type": "branch",
        "line": 85,
        "loc": {
          "start": { "line": 85, "column": 63 },
          "end": { "line": 94, "column": 5 }
        },
        "locations": [
          {
            "start": { "line": 85, "column": 63 },
            "end": { "line": 94, "column": 5 }
          }
        ]
      },
      "9": {
        "type": "branch",
        "line": 87,
        "loc": {
          "start": { "line": 87, "column": 35 },
          "end": { "line": 93, "column": 7 }
        },
        "locations": [
          {
            "start": { "line": 87, "column": 35 },
            "end": { "line": 93, "column": 7 }
          }
        ]
      },
      "10": {
        "type": "branch",
        "line": 96,
        "loc": {
          "start": { "line": 96, "column": 28 },
          "end": { "line": 105, "column": 5 }
        },
        "locations": [
          {
            "start": { "line": 96, "column": 28 },
            "end": { "line": 105, "column": 5 }
          }
        ]
      },
      "11": {
        "type": "branch",
        "line": 98,
        "loc": {
          "start": { "line": 98, "column": 65 },
          "end": { "line": 104, "column": 7 }
        },
        "locations": [
          {
            "start": { "line": 98, "column": 65 },
            "end": { "line": 104, "column": 7 }
          }
        ]
      },
      "12": {
        "type": "branch",
        "line": 118,
        "loc": {
          "start": { "line": 118, "column": 4 },
          "end": { "line": 216, "column": 3 }
        },
        "locations": [
          {
            "start": { "line": 118, "column": 4 },
            "end": { "line": 216, "column": 3 }
          }
        ]
      },
      "13": {
        "type": "branch",
        "line": 132,
        "loc": {
          "start": { "line": 132, "column": 19 },
          "end": { "line": 142, "column": 4 }
        },
        "locations": [
          {
            "start": { "line": 132, "column": 19 },
            "end": { "line": 142, "column": 4 }
          }
        ]
      },
      "14": {
        "type": "branch",
        "line": 134,
        "loc": {
          "start": { "line": 134, "column": 6 },
          "end": { "line": 134, "column": 50 }
        },
        "locations": [
          {
            "start": { "line": 134, "column": 6 },
            "end": { "line": 134, "column": 50 }
          }
        ]
      },
      "15": {
        "type": "branch",
        "line": 144,
        "loc": {
          "start": { "line": 144, "column": 14 },
          "end": { "line": 157, "column": 4 }
        },
        "locations": [
          {
            "start": { "line": 144, "column": 14 },
            "end": { "line": 157, "column": 4 }
          }
        ]
      },
      "16": {
        "type": "branch",
        "line": 146,
        "loc": {
          "start": { "line": 146, "column": 44 },
          "end": { "line": 151, "column": 5 }
        },
        "locations": [
          {
            "start": { "line": 146, "column": 44 },
            "end": { "line": 151, "column": 5 }
          }
        ]
      },
      "17": {
        "type": "branch",
        "line": 147,
        "loc": {
          "start": { "line": 147, "column": 66 },
          "end": { "line": 149, "column": 7 }
        },
        "locations": [
          {
            "start": { "line": 147, "column": 66 },
            "end": { "line": 149, "column": 7 }
          }
        ]
      },
      "18": {
        "type": "branch",
        "line": 159,
        "loc": {
          "start": { "line": 159, "column": 17 },
          "end": { "line": 169, "column": 4 }
        },
        "locations": [
          {
            "start": { "line": 159, "column": 17 },
            "end": { "line": 169, "column": 4 }
          }
        ]
      },
      "19": {
        "type": "branch",
        "line": 161,
        "loc": {
          "start": { "line": 161, "column": 44 },
          "end": { "line": 162, "column": 85 }
        },
        "locations": [
          {
            "start": { "line": 161, "column": 44 },
            "end": { "line": 162, "column": 85 }
          }
        ]
      },
      "20": {
        "type": "branch",
        "line": 162,
        "loc": {
          "start": { "line": 162, "column": 68 },
          "end": { "line": 162, "column": 85 }
        },
        "locations": [
          {
            "start": { "line": 162, "column": 68 },
            "end": { "line": 162, "column": 85 }
          }
        ]
      },
      "21": {
        "type": "branch",
        "line": 181,
        "loc": {
          "start": { "line": 181, "column": 22 },
          "end": { "line": 197, "column": 4 }
        },
        "locations": [
          {
            "start": { "line": 181, "column": 22 },
            "end": { "line": 197, "column": 4 }
          }
        ]
      },
      "22": {
        "type": "branch",
        "line": 191,
        "loc": {
          "start": { "line": 191, "column": 4 },
          "end": { "line": 196, "column": 7 }
        },
        "locations": [
          {
            "start": { "line": 191, "column": 4 },
            "end": { "line": 196, "column": 7 }
          }
        ]
      },
      "23": {
        "type": "branch",
        "line": 184,
        "loc": {
          "start": { "line": 184, "column": 8 },
          "end": { "line": 184, "column": 55 }
        },
        "locations": [
          {
            "start": { "line": 184, "column": 8 },
            "end": { "line": 184, "column": 55 }
          }
        ]
      }
    },
    "b": {
      "0": [31672],
      "1": [0],
      "2": [209],
      "3": [15785],
      "4": [210],
      "5": [10311],
      "6": [209],
      "7": [2],
      "8": [202],
      "9": [1],
      "10": [1],
      "11": [101],
      "12": [7],
      "13": [209],
      "14": [10103],
      "15": [1],
      "16": [1],
      "17": [0],
      "18": [1],
      "19": [2],
      "20": [0],
      "21": [1],
      "22": [0],
      "23": [2]
    },
    "fnMap": {
      "0": {
        "name": "toEpoch",
        "decl": {
          "start": { "line": 60, "column": 0 },
          "end": { "line": 63, "column": 1 }
        },
        "loc": {
          "start": { "line": 60, "column": 0 },
          "end": { "line": 63, "column": 1 }
        },
        "line": 60
      },
      "1": {
        "name": "sortByNewest",
        "decl": {
          "start": { "line": 65, "column": 0 },
          "end": { "line": 69, "column": 1 }
        },
        "loc": {
          "start": { "line": 65, "column": 0 },
          "end": { "line": 69, "column": 1 }
        },
        "line": 65
      },
      "2": {
        "name": "calculateUnreadCount",
        "decl": {
          "start": { "line": 71, "column": 0 },
          "end": { "line": 74, "column": 1 }
        },
        "loc": {
          "start": { "line": 71, "column": 0 },
          "end": { "line": 74, "column": 1 }
        },
        "line": 71
      },
      "3": {
        "name": "enforceNotificationLimit",
        "decl": {
          "start": { "line": 76, "column": 0 },
          "end": { "line": 111, "column": 1 }
        },
        "loc": {
          "start": { "line": 76, "column": 0 },
          "end": { "line": 111, "column": 1 }
        },
        "line": 76
      },
      "4": {
        "name": "createNotificationSlice",
        "decl": {
          "start": { "line": 118, "column": 4 },
          "end": { "line": 216, "column": 3 }
        },
        "loc": {
          "start": { "line": 118, "column": 4 },
          "end": { "line": 216, "column": 3 }
        },
        "line": 118
      },
      "5": {
        "name": "setNotifications",
        "decl": {
          "start": { "line": 124, "column": 20 },
          "end": { "line": 130, "column": 4 }
        },
        "loc": {
          "start": { "line": 124, "column": 20 },
          "end": { "line": 130, "column": 4 }
        },
        "line": 124
      },
      "6": {
        "name": "addNotification",
        "decl": {
          "start": { "line": 132, "column": 19 },
          "end": { "line": 142, "column": 4 }
        },
        "loc": {
          "start": { "line": 132, "column": 19 },
          "end": { "line": 142, "column": 4 }
        },
        "line": 132
      },
      "7": {
        "name": "markAsRead",
        "decl": {
          "start": { "line": 144, "column": 14 },
          "end": { "line": 157, "column": 4 }
        },
        "loc": {
          "start": { "line": 144, "column": 14 },
          "end": { "line": 157, "column": 4 }
        },
        "line": 144
      },
      "8": {
        "name": "markAllAsRead",
        "decl": {
          "start": { "line": 159, "column": 17 },
          "end": { "line": 169, "column": 4 }
        },
        "loc": {
          "start": { "line": 159, "column": 17 },
          "end": { "line": 169, "column": 4 }
        },
        "line": 159
      },
      "9": {
        "name": "deleteNotification",
        "decl": {
          "start": { "line": 171, "column": 22 },
          "end": { "line": 179, "column": 4 }
        },
        "loc": {
          "start": { "line": 171, "column": 22 },
          "end": { "line": 179, "column": 4 }
        },
        "line": 171
      },
      "10": {
        "name": "clearNotifications",
        "decl": {
          "start": { "line": 181, "column": 22 },
          "end": { "line": 197, "column": 4 }
        },
        "loc": {
          "start": { "line": 181, "column": 22 },
          "end": { "line": 197, "column": 4 }
        },
        "line": 181
      },
      "11": {
        "name": "setActiveFilter",
        "decl": {
          "start": { "line": 199, "column": 19 },
          "end": { "line": 201, "column": 4 }
        },
        "loc": {
          "start": { "line": 199, "column": 19 },
          "end": { "line": 201, "column": 4 }
        },
        "line": 199
      },
      "12": {
        "name": "setPopoverOpen",
        "decl": {
          "start": { "line": 203, "column": 18 },
          "end": { "line": 205, "column": 4 }
        },
        "loc": {
          "start": { "line": 203, "column": 18 },
          "end": { "line": 205, "column": 4 }
        },
        "line": 203
      },
      "13": {
        "name": "getFilteredNotifications",
        "decl": {
          "start": { "line": 207, "column": 28 },
          "end": { "line": 215, "column": 4 }
        },
        "loc": {
          "start": { "line": 207, "column": 28 },
          "end": { "line": 215, "column": 4 }
        },
        "line": 207
      }
    },
    "f": {
      "0": 31672,
      "1": 209,
      "2": 210,
      "3": 209,
      "4": 7,
      "5": 0,
      "6": 209,
      "7": 1,
      "8": 1,
      "9": 0,
      "10": 1,
      "11": 0,
      "12": 0,
      "13": 0
    }
  }
}
