TN:
SF:src/main/ipc/historySearchHandlers.ts
FN:48,success
FN:55,failure
FN:65,validateSender
FN:85,sanitizePage
FN:92,sanitizePageSize
FN:99,normalizeSearchRequest
FN:110,registerHistorySearchHandlers
FN:184,containsIgnoreCase
FN:188,createTypeCounter
FN:204,createInMemoryHistorySearchService
FN:210,search
FN:254,getStats
FNF:12
FNH:12
FNDA:2,success
FNDA:2,failure
FNDA:4,validateSender
FNDA:2,sanitizePage
FNDA:2,sanitizePageSize
FNDA:2,normalizeSearchRequest
FNDA:4,registerHistorySearchHandlers
FNDA:3,containsIgnoreCase
FNDA:2,createTypeCounter
FNDA:4,createInMemoryHistorySearchService
FNDA:1,search
FNDA:1,getStats
DA:1,1
DA:44,1
DA:45,1
DA:46,1
DA:48,2
DA:49,2
DA:50,2
DA:51,2
DA:52,2
DA:53,2
DA:55,2
DA:56,2
DA:57,2
DA:58,2
DA:59,2
DA:60,2
DA:61,2
DA:62,2
DA:63,2
DA:65,4
DA:66,4
DA:67,4
DA:68,4
DA:69,4
DA:70,0
DA:71,0
DA:73,4
DA:74,1
DA:75,1
DA:77,4
DA:78,4
DA:79,4
DA:80,0
DA:81,0
DA:83,4
DA:85,2
DA:86,2
DA:87,0
DA:88,0
DA:89,2
DA:90,2
DA:92,2
DA:93,2
DA:94,0
DA:95,0
DA:96,2
DA:97,2
DA:99,2
DA:100,2
DA:101,2
DA:102,2
DA:103,2
DA:104,2
DA:105,2
DA:106,2
DA:107,2
DA:108,2
DA:110,1
DA:111,4
DA:112,4
DA:113,4
DA:114,4
DA:115,4
DA:116,4
DA:117,3
DA:118,3
DA:132,3
DA:133,3
DA:134,1
DA:135,1
DA:137,3
DA:138,0
DA:139,0
DA:141,2
DA:142,3
DA:143,1
DA:144,1
DA:146,1
DA:147,1
DA:148,1
DA:149,3
DA:150,0
DA:151,0
DA:152,0
DA:153,0
DA:154,3
DA:155,4
DA:157,4
DA:158,4
DA:159,4
DA:160,1
DA:167,1
DA:168,1
DA:169,0
DA:170,0
DA:172,1
DA:173,1
DA:174,1
DA:175,1
DA:176,0
DA:177,0
DA:178,0
DA:179,0
DA:180,1
DA:181,4
DA:182,4
DA:184,3
DA:185,3
DA:186,3
DA:188,2
DA:189,2
DA:190,2
DA:191,2
DA:192,2
DA:193,2
DA:194,2
DA:195,2
DA:196,2
DA:198,2
DA:199,3
DA:200,3
DA:201,2
DA:202,2
DA:204,1
DA:205,4
DA:206,4
DA:207,4
DA:209,4
DA:210,4
DA:211,1
DA:212,1
DA:213,1
DA:214,0
DA:215,1
DA:216,1
DA:218,1
DA:219,2
DA:220,2
DA:221,1
DA:222,2
DA:223,2
DA:224,2
DA:225,0
DA:226,2
DA:227,2
DA:228,2
DA:229,2
DA:230,2
DA:232,2
DA:233,1
DA:235,1
DA:236,1
DA:237,1
DA:238,1
DA:240,1
DA:241,1
DA:242,1
DA:243,1
DA:244,1
DA:245,1
DA:246,1
DA:247,1
DA:248,1
DA:249,1
DA:250,1
DA:251,1
DA:252,1
DA:254,4
DA:255,1
DA:256,1
DA:257,1
DA:258,1
DA:259,1
DA:260,1
DA:261,1
DA:262,4
DA:263,4
LF:177
LH:155
BRDA:48,0,0,2
BRDA:55,1,0,2
BRDA:65,2,0,4
BRDA:69,3,0,0
BRDA:73,4,0,1
BRDA:75,5,0,3
BRDA:77,6,0,0
BRDA:79,7,0,0
BRDA:80,8,0,0
BRDA:85,9,0,2
BRDA:86,10,0,0
BRDA:92,11,0,2
BRDA:93,12,0,0
BRDA:99,13,0,2
BRDA:110,14,0,4
BRDA:116,15,0,3
BRDA:133,16,0,1
BRDA:135,17,0,2
BRDA:137,18,0,0
BRDA:139,19,0,2
BRDA:142,20,0,1
BRDA:149,21,0,0
BRDA:159,22,0,1
BRDA:168,23,0,0
BRDA:175,24,0,0
BRDA:184,25,0,3
BRDA:188,26,0,2
BRDA:198,27,0,3
BRDA:204,28,0,4
BRDA:210,29,0,1
BRDA:212,30,0,0
BRDA:213,31,0,0
BRDA:213,32,0,0
BRDA:216,33,0,0
BRDA:216,34,0,0
BRDA:235,35,0,0
BRDA:236,36,0,0
BRDA:218,37,0,2
BRDA:220,38,0,1
BRDA:223,39,0,0
BRDA:224,40,0,0
BRDA:228,41,0,0
BRDA:228,42,0,0
BRDA:230,43,0,0
BRDA:230,44,0,0
BRDA:232,45,0,1
BRDA:232,46,0,1
BRDA:232,47,0,1
BRDA:254,48,0,1
BRF:49
BRH:26
end_of_record
TN:
SF:src/main/ipc/notificationHandlers.ts
FN:51,success
FN:58,failure
FN:68,validateSender
FN:88,sanitizeLimit
FN:95,sanitizeOffset
FN:102,assertNotificationId
FN:109,requireAuthenticated
FN:118,registerNotificationHandlers
FN:230,toEpoch
FN:235,createInMemoryNotificationService
FN:243,getHistory
FN:251,markRead
FN:267,markAllRead
FN:282,clear
FN:297,emitNotification
FNF:15
FNH:12
FNDA:3,success
FNDA:3,failure
FNDA:6,validateSender
FNDA:2,sanitizeLimit
FNDA:2,sanitizeOffset
FNDA:1,assertNotificationId
FNDA:3,requireAuthenticated
FNDA:5,registerNotificationHandlers
FNDA:2,toEpoch
FNDA:5,createInMemoryNotificationService
FNDA:2,getHistory
FNDA:0,markRead
FNDA:0,markAllRead
FNDA:1,clear
FNDA:0,emitNotification
DA:1,1
DA:48,1
DA:49,1
DA:51,3
DA:52,3
DA:53,3
DA:54,3
DA:55,3
DA:56,3
DA:58,3
DA:59,3
DA:60,3
DA:61,3
DA:62,3
DA:63,3
DA:64,3
DA:65,3
DA:66,3
DA:68,6
DA:69,6
DA:70,6
DA:71,6
DA:72,6
DA:73,0
DA:74,0
DA:76,6
DA:77,1
DA:78,1
DA:80,6
DA:81,6
DA:82,6
DA:83,0
DA:84,0
DA:86,6
DA:88,2
DA:89,2
DA:90,0
DA:91,0
DA:92,2
DA:93,2
DA:95,2
DA:96,2
DA:97,0
DA:98,0
DA:99,2
DA:100,2
DA:102,1
DA:103,1
DA:104,1
DA:105,1
DA:106,0
DA:107,0
DA:109,3
DA:110,3
DA:111,3
DA:112,3
DA:113,2
DA:114,2
DA:115,1
DA:116,1
DA:118,1
DA:119,5
DA:120,5
DA:121,5
DA:122,5
DA:123,5
DA:124,5
DA:125,5
DA:126,3
DA:127,3
DA:128,3
DA:129,3
DA:130,1
DA:131,1
DA:133,3
DA:134,3
DA:136,3
DA:137,3
DA:138,2
DA:139,3
DA:140,0
DA:141,0
DA:142,0
DA:143,0
DA:144,3
DA:145,5
DA:147,5
DA:148,5
DA:149,5
DA:150,2
DA:151,2
DA:152,2
DA:153,2
DA:154,0
DA:155,0
DA:157,2
DA:158,1
DA:159,1
DA:161,1
DA:162,2
DA:163,2
DA:164,0
DA:165,2
DA:166,1
DA:167,1
DA:168,1
DA:169,1
DA:170,0
DA:171,1
DA:172,1
DA:173,2
DA:174,5
DA:176,5
DA:177,5
DA:178,5
DA:179,0
DA:180,0
DA:181,0
DA:182,0
DA:183,0
DA:185,0
DA:186,0
DA:187,0
DA:189,0
DA:190,0
DA:191,0
DA:192,0
DA:193,0
DA:194,0
DA:195,0
DA:196,0
DA:197,0
DA:198,0
DA:199,0
DA:200,5
DA:202,5
DA:203,5
DA:204,5
DA:205,1
DA:206,1
DA:207,1
DA:208,1
DA:209,0
DA:210,0
DA:212,1
DA:213,0
DA:214,0
DA:216,1
DA:217,1
DA:218,1
DA:219,1
DA:220,1
DA:221,1
DA:222,0
DA:223,0
DA:224,0
DA:225,0
DA:226,1
DA:227,5
DA:228,5
DA:230,2
DA:231,2
DA:232,2
DA:233,2
DA:235,1
DA:236,5
DA:237,5
DA:238,5
DA:239,5
DA:240,5
DA:242,5
DA:243,5
DA:244,2
DA:245,2
DA:246,2
DA:247,2
DA:248,2
DA:249,2
DA:251,5
DA:252,0
DA:253,0
DA:254,0
DA:255,0
DA:256,0
DA:257,0
DA:258,0
DA:259,0
DA:260,0
DA:261,0
DA:262,0
DA:264,0
DA:265,0
DA:267,5
DA:268,0
DA:269,0
DA:270,0
DA:271,0
DA:272,0
DA:273,0
DA:274,0
DA:275,0
DA:276,0
DA:277,0
DA:278,0
DA:279,0
DA:280,0
DA:282,5
DA:283,1
DA:284,0
DA:285,0
DA:286,0
DA:287,0
DA:289,1
DA:290,1
DA:291,1
DA:292,1
DA:293,1
DA:294,5
DA:295,5
DA:297,1
DA:298,0
DA:299,0
DA:300,0
DA:301,0
DA:302,0
DA:303,0
DA:304,0
DA:305,0
LF:228
LH:145
BRDA:51,0,0,3
BRDA:58,1,0,3
BRDA:68,2,0,6
BRDA:72,3,0,0
BRDA:76,4,0,1
BRDA:78,5,0,5
BRDA:80,6,0,0
BRDA:82,7,0,0
BRDA:83,8,0,0
BRDA:88,9,0,2
BRDA:89,10,0,0
BRDA:95,11,0,2
BRDA:96,12,0,0
BRDA:102,13,0,1
BRDA:103,14,0,0
BRDA:105,15,0,0
BRDA:109,16,0,3
BRDA:112,17,0,1
BRDA:112,18,0,2
BRDA:114,19,0,1
BRDA:118,20,0,5
BRDA:125,21,0,3
BRDA:129,22,0,1
BRDA:131,23,0,2
BRDA:134,24,0,2
BRDA:137,25,0,2
BRDA:139,26,0,0
BRDA:149,27,0,2
BRDA:153,28,0,0
BRDA:157,29,0,1
BRDA:163,30,0,0
BRDA:165,31,0,1
BRDA:167,32,0,0
BRDA:169,33,0,0
BRDA:204,34,0,1
BRDA:208,35,0,0
BRDA:212,36,0,0
BRDA:221,37,0,0
BRDA:230,38,0,2
BRDA:232,39,0,0
BRDA:235,40,0,5
BRDA:239,41,0,1
BRDA:243,42,0,2
BRDA:282,43,0,1
BRDA:283,44,0,0
BRDA:289,45,0,2
BRF:46
BRH:28
end_of_record
TN:
SF:src/preload/channels.ts
FNF:0
FNH:0
DA:4,1
DA:6,1
DA:7,1
DA:8,1
DA:9,1
DA:10,1
DA:11,1
DA:12,1
DA:15,1
DA:16,1
DA:17,1
DA:18,1
DA:21,1
DA:22,1
DA:23,1
DA:26,1
DA:27,1
DA:30,1
DA:31,1
DA:34,1
DA:35,1
DA:38,1
DA:39,1
DA:42,1
DA:43,1
DA:44,1
DA:45,1
DA:48,1
DA:49,1
DA:50,1
DA:51,1
DA:52,1
DA:53,1
DA:54,1
DA:55,1
DA:58,1
DA:59,1
DA:60,1
DA:61,1
DA:62,1
DA:63,1
DA:66,1
DA:67,1
DA:68,1
DA:69,1
DA:70,1
DA:73,1
DA:74,1
DA:75,1
DA:78,1
DA:79,1
DA:82,1
DA:83,1
DA:84,1
DA:85,1
DA:88,1
DA:89,1
DA:92,1
DA:93,1
DA:94,1
DA:95,1
DA:96,1
DA:97,1
DA:100,1
DA:101,1
DA:104,1
DA:105,1
DA:106,1
DA:107,1
DA:108,1
DA:111,1
DA:112,1
DA:113,1
DA:114,1
DA:117,1
DA:118,1
DA:119,1
DA:120,1
DA:121,1
DA:122,1
DA:123,1
DA:124,1
DA:127,1
DA:128,1
DA:129,1
DA:130,1
DA:131,1
DA:132,1
DA:133,1
DA:134,1
DA:135,1
DA:138,1
DA:139,1
DA:140,1
DA:141,1
DA:142,1
DA:143,1
DA:144,1
DA:145,1
DA:146,1
DA:147,1
DA:148,1
DA:151,1
DA:152,1
DA:153,1
DA:154,1
DA:155,1
DA:156,1
DA:157,1
DA:158,1
DA:161,1
DA:162,1
DA:163,1
DA:164,1
DA:165,1
DA:168,1
DA:169,1
DA:170,1
DA:175,1
DA:176,1
DA:177,1
DA:178,1
DA:179,1
DA:180,1
DA:181,1
DA:182,1
DA:185,1
DA:186,1
DA:187,1
DA:188,1
DA:189,1
DA:190,1
DA:192,1
DA:193,1
DA:196,1
DA:197,1
DA:198,1
DA:199,1
DA:200,1
DA:203,1
DA:204,1
DA:205,1
DA:206,1
DA:207,1
DA:210,1
DA:211,1
DA:212,1
DA:213,1
DA:216,1
DA:217,1
DA:218,1
DA:219,1
DA:220,1
DA:223,1
DA:224,1
DA:225,1
DA:226,1
DA:227,1
DA:228,1
DA:231,1
DA:232,1
DA:233,1
DA:234,1
DA:235,1
DA:238,1
DA:239,1
DA:240,1
DA:241,1
DA:242,1
DA:243,1
DA:246,1
DA:247,1
DA:248,1
DA:249,1
DA:250,1
DA:253,1
DA:254,1
DA:255,1
DA:256,1
DA:257,1
DA:258,1
DA:259,1
DA:261,1
DA:262,1
DA:265,1
DA:266,1
DA:267,1
DA:268,1
DA:269,1
DA:270,1
DA:271,1
DA:274,1
DA:275,1
DA:276,1
DA:277,1
DA:278,1
DA:279,1
DA:280,1
DA:283,1
DA:284,1
DA:285,1
DA:286,1
DA:289,1
DA:290,1
DA:291,1
DA:294,1
DA:295,1
DA:296,1
DA:297,1
DA:300,1
DA:301,1
DA:302,1
DA:303,1
DA:304,1
DA:307,1
DA:308,1
DA:309,1
DA:310,1
DA:311,1
DA:312,1
DA:315,1
DA:316,1
DA:317,1
DA:318,1
DA:319,1
DA:320,1
DA:321,1
DA:324,1
DA:325,1
DA:326,1
DA:327,1
DA:328,1
DA:329,1
DA:330,1
DA:333,1
DA:334,1
DA:335,1
DA:338,1
DA:339,1
DA:340,1
DA:341,1
DA:342,1
DA:345,1
DA:348,1
DA:349,1
DA:350,1
DA:351,1
DA:352,1
DA:353,1
DA:354,1
DA:355,1
DA:360,1
DA:361,1
DA:362,1
DA:363,1
DA:364,1
DA:365,1
DA:366,1
DA:367,1
DA:368,1
DA:369,1
DA:370,1
DA:371,1
DA:372,1
DA:373,1
DA:374,1
DA:375,1
DA:376,1
DA:377,1
DA:378,1
DA:379,1
DA:381,1
DA:382,1
DA:383,1
DA:385,1
DA:386,1
DA:387,1
DA:388,1
DA:389,1
DA:390,1
DA:391,1
DA:393,1
DA:394,1
DA:395,1
DA:396,1
DA:397,1
DA:398,1
DA:400,1
DA:401,1
DA:402,1
DA:403,1
DA:404,1
DA:406,1
DA:407,1
DA:408,1
DA:410,1
DA:411,1
DA:413,1
DA:414,1
DA:415,1
DA:416,1
DA:418,1
DA:419,1
DA:421,1
DA:422,1
DA:423,1
DA:424,1
DA:425,1
DA:427,1
DA:428,1
DA:430,1
DA:431,1
DA:432,1
DA:433,1
DA:434,1
DA:436,1
DA:437,1
DA:438,1
DA:439,1
DA:441,1
DA:442,1
DA:443,1
DA:444,1
DA:445,1
DA:447,1
DA:448,1
DA:449,1
DA:450,1
DA:451,1
DA:452,1
DA:454,1
DA:455,1
DA:456,1
DA:457,1
DA:458,1
DA:459,1
DA:461,1
DA:462,1
DA:463,1
DA:464,1
DA:465,1
DA:467,1
DA:468,1
DA:469,1
DA:470,1
DA:472,1
DA:473,1
DA:474,1
DA:477,1
DA:478,1
DA:479,1
DA:480,1
DA:481,1
DA:482,1
DA:483,1
DA:485,1
DA:486,1
DA:487,1
DA:488,1
DA:490,1
DA:492,1
DA:493,1
DA:494,1
DA:495,1
DA:496,1
DA:498,1
DA:499,1
DA:500,1
DA:501,1
DA:502,1
DA:504,1
DA:505,1
DA:506,1
DA:507,1
DA:509,1
DA:510,1
DA:511,1
DA:512,1
DA:513,1
DA:515,1
DA:516,1
DA:517,1
DA:518,1
DA:519,1
DA:520,1
DA:522,1
DA:523,1
DA:524,1
DA:525,1
DA:527,1
DA:528,1
DA:529,1
DA:530,1
DA:531,1
DA:532,1
DA:534,1
DA:535,1
DA:536,1
DA:537,1
DA:538,1
DA:540,1
DA:541,1
DA:542,1
DA:543,1
DA:544,1
DA:545,1
DA:546,1
DA:548,1
DA:549,1
DA:550,1
DA:551,1
DA:552,1
DA:553,1
DA:554,1
DA:556,1
DA:557,1
DA:558,1
DA:559,1
DA:560,1
DA:561,1
DA:562,1
DA:564,1
DA:565,1
DA:566,1
DA:567,1
DA:569,1
DA:570,1
DA:571,1
DA:573,1
DA:574,1
DA:575,1
DA:576,1
DA:578,1
DA:579,1
DA:580,1
DA:581,1
DA:583,1
DA:584,1
DA:585,1
DA:586,1
DA:587,1
DA:589,1
DA:590,1
DA:591,1
DA:592,1
DA:593,1
DA:594,1
DA:595,1
DA:597,1
DA:598,1
DA:599,1
DA:600,1
DA:601,1
DA:602,1
DA:603,1
DA:605,1
DA:606,1
DA:607,1
DA:609,1
DA:610,1
DA:611,1
DA:612,1
DA:613,1
DA:615,1
DA:617,1
DA:618,1
DA:619,1
DA:620,1
DA:621,1
DA:622,1
DA:623,1
DA:625,1
DA:626,1
DA:627,1
DA:628,1
DA:630,1
DA:632,1
DA:634,1
DA:636,1
DA:637,1
DA:638,1
DA:640,1
DA:641,1
DA:642,1
DA:644,1
DA:645,1
DA:646,1
DA:647,1
DA:648,1
DA:650,1
DA:651,1
DA:652,1
DA:654,1
DA:656,1
DA:657,1
DA:659,1
DA:661,1
DA:662,1
DA:664,1
DA:666,1
DA:668,1
DA:670,1
DA:672,1
DA:673,1
LF:504
LH:504
BRF:0
BRH:0
end_of_record
TN:
SF:src/renderer/store/slices/historySearchSlice.ts
FN:106,createHistorySearchSlice
FN:115,setQuery
FN:119,setFilters
FN:125,resetFilters
FN:129,setPagination
FN:135,startSearch
FN:142,applySearchResponse
FN:163,failSearch
FN:170,clearResults
FN:180,getResultById
FNF:10
FNH:8
FNDA:7,createHistorySearchSlice
FNDA:1,setQuery
FNDA:1,setFilters
FNDA:0,resetFilters
FNDA:0,setPagination
FNDA:3,startSearch
FNDA:3,applySearchResponse
FNDA:1,failSearch
FNDA:1,clearResults
FNDA:2,getResultById
DA:68,1
DA:69,1
DA:70,1
DA:71,1
DA:72,1
DA:73,1
DA:75,1
DA:76,1
DA:77,1
DA:78,1
DA:79,1
DA:80,1
DA:82,1
DA:83,1
DA:84,1
DA:85,1
DA:86,1
DA:87,1
DA:88,1
DA:89,1
DA:90,1
DA:91,1
DA:93,1
DA:94,1
DA:95,1
DA:96,1
DA:97,1
DA:98,1
DA:99,1
DA:101,1
DA:106,1
DA:107,7
DA:108,7
DA:109,7
DA:110,7
DA:111,7
DA:112,7
DA:113,7
DA:115,7
DA:116,1
DA:117,1
DA:119,7
DA:120,1
DA:121,1
DA:122,1
DA:123,1
DA:125,7
DA:126,0
DA:127,0
DA:129,7
DA:130,0
DA:131,0
DA:132,0
DA:133,0
DA:135,7
DA:136,3
DA:137,3
DA:138,3
DA:139,3
DA:140,3
DA:142,7
DA:143,3
DA:144,3
DA:145,3
DA:146,3
DA:147,3
DA:148,3
DA:149,3
DA:150,3
DA:151,3
DA:152,3
DA:153,3
DA:154,3
DA:155,3
DA:156,3
DA:157,3
DA:158,3
DA:159,3
DA:160,3
DA:161,3
DA:163,7
DA:164,1
DA:165,1
DA:166,1
DA:167,1
DA:168,1
DA:170,7
DA:171,1
DA:172,1
DA:173,1
DA:174,1
DA:175,1
DA:176,1
DA:177,1
DA:178,1
DA:180,7
DA:181,2
DA:182,2
DA:183,7
LF:99
LH:93
BRDA:106,0,0,7
BRDA:115,1,0,1
BRDA:119,2,0,1
BRDA:120,3,0,1
BRDA:135,4,0,3
BRDA:142,5,0,3
BRDA:163,6,0,1
BRDA:170,7,0,1
BRDA:180,8,0,2
BRDA:181,9,0,2
BRF:10
BRH:10
end_of_record
TN:
SF:src/renderer/store/slices/notificationSlice.ts
FN:60,toEpoch
FN:65,sortByNewest
FN:71,calculateUnreadCount
FN:76,enforceNotificationLimit
FN:118,createNotificationSlice
FN:124,setNotifications
FN:132,addNotification
FN:144,markAsRead
FN:159,markAllAsRead
FN:171,deleteNotification
FN:181,clearNotifications
FN:199,setActiveFilter
FN:203,setPopoverOpen
FN:207,getFilteredNotifications
FNF:14
FNH:9
FNDA:31672,toEpoch
FNDA:209,sortByNewest
FNDA:210,calculateUnreadCount
FNDA:209,enforceNotificationLimit
FNDA:7,createNotificationSlice
FNDA:0,setNotifications
FNDA:209,addNotification
FNDA:1,markAsRead
FNDA:1,markAllAsRead
FNDA:0,deleteNotification
FNDA:1,clearNotifications
FNDA:0,setActiveFilter
FNDA:0,setPopoverOpen
FNDA:0,getFilteredNotifications
DA:3,1
DA:60,31672
DA:61,31672
DA:62,31672
DA:63,31672
DA:65,209
DA:66,209
DA:67,209
DA:68,209
DA:69,209
DA:71,210
DA:72,210
DA:73,210
DA:74,210
DA:76,209
DA:77,209
DA:78,209
DA:79,209
DA:81,209
DA:82,2
DA:83,2
DA:85,2
DA:86,202
DA:87,202
DA:88,1
DA:89,1
DA:90,1
DA:91,1
DA:92,1
DA:93,1
DA:94,202
DA:96,2
DA:97,1
DA:98,1
DA:99,101
DA:100,101
DA:101,101
DA:102,101
DA:103,101
DA:104,101
DA:105,1
DA:107,2
DA:108,2
DA:110,209
DA:111,209
DA:113,1
DA:118,1
DA:119,7
DA:120,7
DA:121,7
DA:122,7
DA:124,7
DA:125,0
DA:126,0
DA:127,0
DA:128,0
DA:129,0
DA:130,0
DA:132,7
DA:133,209
DA:134,209
DA:135,209
DA:136,209
DA:138,209
DA:139,209
DA:140,209
DA:141,209
DA:142,209
DA:144,7
DA:145,1
DA:146,1
DA:147,1
DA:148,0
DA:149,0
DA:150,1
DA:151,1
DA:153,1
DA:154,1
DA:155,1
DA:156,1
DA:157,1
DA:159,7
DA:160,1
DA:161,1
DA:162,2
DA:163,1
DA:165,1
DA:166,1
DA:167,1
DA:168,1
DA:169,1
DA:171,7
DA:172,0
DA:173,0
DA:174,0
DA:175,0
DA:176,0
DA:177,0
DA:178,0
DA:179,0
DA:181,7
DA:182,1
DA:183,1
DA:184,1
DA:185,1
DA:186,1
DA:187,1
DA:188,1
DA:189,1
DA:190,1
DA:191,1
DA:193,0
DA:194,0
DA:195,0
DA:196,0
DA:197,1
DA:199,7
DA:200,0
DA:201,0
DA:203,7
DA:204,0
DA:205,0
DA:207,7
DA:208,0
DA:209,0
DA:210,0
DA:211,0
DA:212,0
DA:213,0
DA:214,0
DA:215,0
DA:216,7
LF:132
LH:100
BRDA:60,0,0,31672
BRDA:62,1,0,0
BRDA:65,2,0,209
BRDA:67,3,0,15785
BRDA:71,4,0,210
BRDA:72,5,0,10311
BRDA:76,6,0,209
BRDA:81,7,0,2
BRDA:85,8,0,202
BRDA:87,9,0,1
BRDA:96,10,0,1
BRDA:98,11,0,101
BRDA:118,12,0,7
BRDA:132,13,0,209
BRDA:134,14,0,10103
BRDA:144,15,0,1
BRDA:146,16,0,1
BRDA:147,17,0,0
BRDA:159,18,0,1
BRDA:161,19,0,2
BRDA:162,20,0,0
BRDA:181,21,0,1
BRDA:191,22,0,0
BRDA:184,23,0,2
BRF:24
BRH:20
end_of_record
